#
# A fatal error has been detected by the Java Runtime Environment:
#
#  SIGSEGV (0xb) at pc=0xa6bfe213, pid=5307, tid=3076003520
#
# JRE version: 6.0_26-b03
# Java VM: Java HotSpot(TM) Client VM (20.1-b02 mixed mode, sharing linux-x86 )
# Problematic frame:
# C  [libsoup-2.4.so.1+0x58213]  short+0x23
#
# If you would like to submit a bug report, please visit:
#   http://java.sun.com/webapps/bugreport/crash.jsp
# The crash happened outside the Java Virtual Machine in native code.
# See problematic frame for where to report the bug.
#

---------------  T H R E A D  ---------------

Current thread (0x09951800):  JavaThread "main" [_thread_in_native, id=5307, stack(0xbff78000,0xbffc8000)]

siginfo:si_signo=SIGSEGV: si_errno=0, si_code=1 (SEGV_MAPERR), si_addr=0x00000000

Registers:
EAX=0x0a55e430, EBX=0xa6c32ff4, ECX=0x00000001, EDX=0x00000000
ESP=0xbffc6e00, EBP=0xbffc6e74, ESI=0x00000000, EDI=0x09951800
EIP=0xa6bfe213, EFLAGS=0x00010286, CR2=0x00000000

Top of Stack: (sp=0xbffc6e00)
0xbffc6e00:   a9243666 0a55e430 0a510f80 a9246ff4
0xbffc6e10:   85b43118 a9246ff4 85b43118 a923fec4
0xbffc6e20:   00000000 09f65b18 09951800 bffc6e74
0xbffc6e30:   b3a36fdb a923fe96 85b43118 b3a370dd
0xbffc6e40:   09951920 bffc6e7c 00000000 09f65b18
0xbffc6e50:   bffc6ee4 bffc6e54 85b43118 bffc6e88
0xbffc6e60:   85b495d0 00000000 85b43118 00000000
0xbffc6e70:   bffc6e84 bffc6eac b3a3004d 85b49570 

Instructions: (pc=0xa6bfe213)
0xa6bfe1f3:   89 5c 24 14 e8 14 50 fc ff 81 c3 f8 4d 03 00 89
0xa6bfe203:   74 24 18 8b 74 24 20 e8 41 4c fc ff 89 44 24 04
0xa6bfe213:   8b 06 89 04 24 e8 13 1d fc ff 8b 54 24 24 89 34
0xa6bfe223:   24 89 54 24 04 ff 50 0c 8b 5c 24 14 8b 74 24 18 

Register to memory mapping:

EAX=0x0a55e430 is an unknown value
EBX=0xa6c32ff4: <offset 0x8cff4> in /usr/lib/i386-linux-gnu/libsoup-2.4.so.1 at 0xa6ba6000
ECX=0x00000001 is an unknown value
EDX=0x00000000 is an unknown value
ESP=0xbffc6e00 is pointing into the stack for thread: 0x09951800
EBP=0xbffc6e74 is pointing into the stack for thread: 0x09951800
ESI=0x00000000 is an unknown value
EDI=0x09951800 is a thread


Stack: [0xbff78000,0xbffc8000],  sp=0xbffc6e00,  free space=315k
Native frames: (J=compiled Java code, j=interpreted, Vv=VM code, C=native code)
C  [libsoup-2.4.so.1+0x58213]  short+0x23
j  org.eclipse.swt.internal.webkit.WebKitGTK.soup_session_feature_detach(II)V+9
j  org.eclipse.swt.browser.WebKit.create(Lorg/eclipse/swt/widgets/Composite;I)V+891
j  org.eclipse.swt.browser.Browser.<init>(Lorg/eclipse/swt/widgets/Composite;I)V+81
j  org.eclipse.jface.internal.text.html.BrowserInformationControl.isAvailable(Lorg/eclipse/swt/widgets/Composite;)Z+12
j  org.eclipse.jdt.internal.ui.text.java.AbstractJavaCompletionProposal.getInformationControlCreator()Lorg/eclipse/jface/text/IInformationControlCreator;+9
j  org.eclipse.jface.text.contentassist.AdditionalInfoController.computeInformation()V+18
j  org.eclipse.jface.text.AbstractInformationControlManager.doShowInformation()V+11
j  org.eclipse.jface.text.AbstractInformationControlManager.showInformation()V+8
j  org.eclipse.jface.text.contentassist.AdditionalInfoController.showInformation(Lorg/eclipse/jface/text/contentassist/ICompletionProposal;Ljava/lang/Object;)V+64
j  org.eclipse.jface.text.contentassist.AdditionalInfoController$10.showInformation(Lorg/eclipse/jface/text/contentassist/ICompletionProposal;Ljava/lang/Object;)V+25
j  org.eclipse.jface.text.contentassist.AdditionalInfoController$9.run()V+36
J  org.eclipse.swt.widgets.Synchronizer.runAsyncMessages(Z)Z
j  org.eclipse.ui.internal.Workbench.access$4(Lorg/eclipse/ui/internal/Workbench;)I+1
j  org.eclipse.ui.internal.Workbench$7.run()V+73
j  org.eclipse.core.databinding.observable.Realm.runWithDefault(Lorg/eclipse/core/databinding/observable/Realm;Ljava/lang/Runnable;)V+12
j  org.eclipse.ui.internal.Workbench.createAndRunWorkbench(Lorg/eclipse/swt/widgets/Display;Lorg/eclipse/ui/application/WorkbenchAdvisor;)I+18
j  org.eclipse.ui.PlatformUI.createAndRunWorkbench(Lorg/eclipse/swt/widgets/Display;Lorg/eclipse/ui/application/WorkbenchAdvisor;)I+2
j  org.eclipse.ui.internal.ide.application.IDEApplication.start(Lorg/eclipse/equinox/app/IApplicationContext;)Ljava/lang/Object;+108
j  org.eclipse.equinox.internal.app.EclipseAppHandle.run(Ljava/lang/Object;)Ljava/lang/Object;+135
j  org.eclipse.core.runtime.internal.adaptor.EclipseAppLauncher.runApplication(Ljava/lang/Object;)Ljava/lang/Object;+103
j  org.eclipse.core.runtime.internal.adaptor.EclipseAppLauncher.start(Ljava/lang/Object;)Ljava/lang/Object;+29
j  org.eclipse.core.runtime.adaptor.EclipseStarter.run(Ljava/lang/Object;)Ljava/lang/Object;+149
j  org.eclipse.core.runtime.adaptor.EclipseStarter.run([Ljava/lang/String;Ljava/lang/Runnable;)Ljava/lang/Object;+183
v  ~StubRoutines::call_stub
V  [libjvm.so+0x24cc61]  JavaCalls::call_helper(JavaValue*, methodHandle*, JavaCallArguments*, Thread*)+0x1c1
V  [libjvm.so+0x38d288]  os::os_exception_wrapper(void (*)(JavaValue*, methodHandle*, JavaCallArguments*, Thread*), JavaValue*, methodHandle*, JavaCallArguments*, Thread*)+0x18
V  [libjvm.so+0x24ca8f]  JavaCalls::call(JavaValue*, methodHandle, JavaCallArguments*, Thread*)+0x2f
V  [libjvm.so+0x3bccf5]  Reflection::invoke(instanceKlassHandle, methodHandle, Handle, bool, objArrayHandle, BasicType, objArrayHandle, bool, Thread*)+0x445
V  [libjvm.so+0x3c00b7]  Reflection::invoke_method(oopDesc*, Handle, objArrayHandle, Thread*)+0x127
V  [libjvm.so+0x2cc69f]  JVM_InvokeMethod+0x1ff
C  [libjava.so+0x151f4]  Java_sun_reflect_NativeMethodAccessorImpl_invoke0+0x34
j  sun.reflect.NativeMethodAccessorImpl.invoke0(Ljava/lang/reflect/Method;Ljava/lang/Object;[Ljava/lang/Object;)Ljava/lang/Object;+0
j  sun.reflect.NativeMethodAccessorImpl.invoke(Ljava/lang/Object;[Ljava/lang/Object;)Ljava/lang/Object;+87
j  sun.reflect.DelegatingMethodAccessorImpl.invoke(Ljava/lang/Object;[Ljava/lang/Object;)Ljava/lang/Object;+6
j  java.lang.reflect.Method.invoke(Ljava/lang/Object;[Ljava/lang/Object;)Ljava/lang/Object;+161
j  org.eclipse.equinox.launcher.Main.invokeFramework([Ljava/lang/String;[Ljava/net/URL;)V+211
j  org.eclipse.equinox.launcher.Main.basicRun([Ljava/lang/String;)V+126
j  org.eclipse.equinox.launcher.Main.run([Ljava/lang/String;)I+4
v  ~StubRoutines::call_stub
V  [libjvm.so+0x24cc61]  JavaCalls::call_helper(JavaValue*, methodHandle*, JavaCallArguments*, Thread*)+0x1c1
V  [libjvm.so+0x38d288]  os::os_exception_wrapper(void (*)(JavaValue*, methodHandle*, JavaCallArguments*, Thread*), JavaValue*, methodHandle*, JavaCallArguments*, Thread*)+0x18
V  [libjvm.so+0x24ca8f]  JavaCalls::call(JavaValue*, methodHandle, JavaCallArguments*, Thread*)+0x2f
V  [libjvm.so+0x281227]  jni_invoke_nonstatic(JNIEnv_*, JavaValue*, _jobject*, JNICallType, _jmethodID*, JNI_ArgumentPusher*, Thread*)+0x197
V  [libjvm.so+0x26194e]  unsigned+0x14e

Java frames: (J=compiled Java code, j=interpreted, Vv=VM code)
j  org.eclipse.swt.internal.webkit.WebKitGTK._soup_session_feature_detach(II)V+0
j  org.eclipse.swt.internal.webkit.WebKitGTK.soup_session_feature_detach(II)V+9
j  org.eclipse.swt.browser.WebKit.create(Lorg/eclipse/swt/widgets/Composite;I)V+891
j  org.eclipse.swt.browser.Browser.<init>(Lorg/eclipse/swt/widgets/Composite;I)V+81
j  org.eclipse.jface.internal.text.html.BrowserInformationControl.isAvailable(Lorg/eclipse/swt/widgets/Composite;)Z+12
j  org.eclipse.jdt.internal.ui.text.java.AbstractJavaCompletionProposal.getInformationControlCreator()Lorg/eclipse/jface/text/IInformationControlCreator;+9
j  org.eclipse.jface.text.contentassist.AdditionalInfoController.computeInformation()V+18
j  org.eclipse.jface.text.AbstractInformationControlManager.doShowInformation()V+11
j  org.eclipse.jface.text.AbstractInformationControlManager.showInformation()V+8
j  org.eclipse.jface.text.contentassist.AdditionalInfoController.showInformation(Lorg/eclipse/jface/text/contentassist/ICompletionProposal;Ljava/lang/Object;)V+64
j  org.eclipse.jface.text.contentassist.AdditionalInfoController$10.showInformation(Lorg/eclipse/jface/text/contentassist/ICompletionProposal;Ljava/lang/Object;)V+25
j  org.eclipse.jface.text.contentassist.AdditionalInfoController$9.run()V+36
J  org.eclipse.swt.widgets.Synchronizer.runAsyncMessages(Z)Z
J  org.eclipse.swt.widgets.Display.readAndDispatch()Z
J  org.eclipse.ui.internal.Workbench.runEventLoop(Lorg/eclipse/jface/window/Window$IExceptionHandler;Lorg/eclipse/swt/widgets/Display;)V
j  org.eclipse.ui.internal.Workbench.runUI()I+555
j  org.eclipse.ui.internal.Workbench.access$4(Lorg/eclipse/ui/internal/Workbench;)I+1
j  org.eclipse.ui.internal.Workbench$7.run()V+73
j  org.eclipse.core.databinding.observable.Realm.runWithDefault(Lorg/eclipse/core/databinding/observable/Realm;Ljava/lang/Runnable;)V+12
j  org.eclipse.ui.internal.Workbench.createAndRunWorkbench(Lorg/eclipse/swt/widgets/Display;Lorg/eclipse/ui/application/WorkbenchAdvisor;)I+18
j  org.eclipse.ui.PlatformUI.createAndRunWorkbench(Lorg/eclipse/swt/widgets/Display;Lorg/eclipse/ui/application/WorkbenchAdvisor;)I+2
j  org.eclipse.ui.internal.ide.application.IDEApplication.start(Lorg/eclipse/equinox/app/IApplicationContext;)Ljava/lang/Object;+108
j  org.eclipse.equinox.internal.app.EclipseAppHandle.run(Ljava/lang/Object;)Ljava/lang/Object;+135
j  org.eclipse.core.runtime.internal.adaptor.EclipseAppLauncher.runApplication(Ljava/lang/Object;)Ljava/lang/Object;+103
j  org.eclipse.core.runtime.internal.adaptor.EclipseAppLauncher.start(Ljava/lang/Object;)Ljava/lang/Object;+29
j  org.eclipse.core.runtime.adaptor.EclipseStarter.run(Ljava/lang/Object;)Ljava/lang/Object;+149
j  org.eclipse.core.runtime.adaptor.EclipseStarter.run([Ljava/lang/String;Ljava/lang/Runnable;)Ljava/lang/Object;+183
v  ~StubRoutines::call_stub
j  sun.reflect.NativeMethodAccessorImpl.invoke0(Ljava/lang/reflect/Method;Ljava/lang/Object;[Ljava/lang/Object;)Ljava/lang/Object;+0
j  sun.reflect.NativeMethodAccessorImpl.invoke(Ljava/lang/Object;[Ljava/lang/Object;)Ljava/lang/Object;+87
j  sun.reflect.DelegatingMethodAccessorImpl.invoke(Ljava/lang/Object;[Ljava/lang/Object;)Ljava/lang/Object;+6
j  java.lang.reflect.Method.invoke(Ljava/lang/Object;[Ljava/lang/Object;)Ljava/lang/Object;+161
j  org.eclipse.equinox.launcher.Main.invokeFramework([Ljava/lang/String;[Ljava/net/URL;)V+211
j  org.eclipse.equinox.launcher.Main.basicRun([Ljava/lang/String;)V+126
j  org.eclipse.equinox.launcher.Main.run([Ljava/lang/String;)I+4
v  ~StubRoutines::call_stub

---------------  P R O C E S S  ---------------

Java Threads: ( => current thread )
  0xb3119c00 JavaThread "Worker-9" [_thread_blocked, id=5552, stack(0xb1988000,0xb19d9000)]
  0x0a4ad000 JavaThread "Additional info timer" [_thread_blocked, id=5550, stack(0xb17af000,0xb1800000)]
  0x09df0400 JavaThread "Thread-51" [_thread_in_native, id=5549, stack(0xb1937000,0xb1988000)]
  0xb2c3ac00 JavaThread "Keep-Alive-Timer" daemon [_thread_blocked, id=5547, stack(0xb2126000,0xb2177000)]
  0xb3000c00 JavaThread "Worker-8" [_thread_in_native, id=5446, stack(0xb27af000,0xb2800000)]
  0xb2b00c00 JavaThread "Worker-7" [_thread_in_native, id=5429, stack(0xb1a7b000,0xb1acc000)]
  0x0a234800 JavaThread "org.eclipse.jdt.internal.ui.text.JavaReconciler" daemon [_thread_blocked, id=5428, stack(0xb1a2a000,0xb1a7b000)]
  0xb3003800 JavaThread "[ThreadPool Manager] - Idle Thread" daemon [_thread_blocked, id=5383, stack(0xb175e000,0xb17af000)]
  0x09e2a000 JavaThread "Bundle File Closer" daemon [_thread_blocked, id=5356, stack(0xb19d9000,0xb1a2a000)]
  0x09c28000 JavaThread "org.eclipse.jdt.internal.ui.text.JavaReconciler" daemon [_thread_blocked, id=5343, stack(0xb1bf9000,0xb1c4a000)]
  0x09d41800 JavaThread "Java indexing" daemon [_thread_blocked, id=5341, stack(0xb1f8b000,0xb1fdc000)]
  0xb3108c00 JavaThread "Worker-1" [_thread_blocked, id=5339, stack(0xb2177000,0xb21c8000)]
  0x09ba7800 JavaThread "Worker-0" [_thread_blocked, id=5337, stack(0xb29bc000,0xb2a0d000)]
  0xb2c9c000 JavaThread "Worker-JM" [_thread_blocked, id=5335, stack(0xb291a000,0xb296b000)]
  0xb2c1c000 JavaThread "[Timer] - Main Queue Handler" daemon [_thread_blocked, id=5334, stack(0xb296b000,0xb29bc000)]
  0xb2c16c00 JavaThread "Framework Event Dispatcher" daemon [_thread_blocked, id=5332, stack(0xb2a0d000,0xb2a5e000)]
  0x099d6c00 JavaThread "Start Level Event Dispatcher" daemon [_thread_blocked, id=5331, stack(0xb2a5e000,0xb2aaf000)]
  0x099cb000 JavaThread "State Data Manager" daemon [_thread_blocked, id=5330, stack(0xb2aaf000,0xb2b00000)]
  0x099eb400 JavaThread "Framework Active Thread" [_thread_blocked, id=5329, stack(0xb2d2e000,0xb2d7f000)]
  0x09988000 JavaThread "Low Memory Detector" daemon [_thread_blocked, id=5327, stack(0xb2f2e000,0xb2f7f000)]
  0x09986400 JavaThread "C1 CompilerThread0" daemon [_thread_blocked, id=5326, stack(0xb2f7f000,0xb3000000)]
  0x09984800 JavaThread "Signal Dispatcher" daemon [_thread_blocked, id=5325, stack(0xb3317000,0xb3368000)]
  0x09980c00 JavaThread "Finalizer" daemon [_thread_blocked, id=5324, stack(0xb3608000,0xb3659000)]
  0x0997f800 JavaThread "Reference Handler" daemon [_thread_blocked, id=5323, stack(0xb3659000,0xb36aa000)]
=>0x09951800 JavaThread "main" [_thread_in_native, id=5307, stack(0xbff78000,0xbffc8000)]

Other Threads:
  0x09975000 VMThread [stack: 0xb36de000,0xb375f000] [id=5322]
  0x09992400 WatcherThread [stack: 0xb2d7f000,0xb2e00000] [id=5328]

VM state:not at safepoint (normal execution)

VM Mutex/Monitor currently owned by a thread: None

Heap
 def new generation   total 27456K, used 6796K [0x6ab30000, 0x6c8f0000, 0x72b30000)
  eden space 24448K,  15% used [0x6ab30000, 0x6aee3208, 0x6c310000)
  from space 3008K, 100% used [0x6c600000, 0x6c8f0000, 0x6c8f0000)
  to   space 3008K,   0% used [0x6c310000, 0x6c310000, 0x6c600000)
 tenured generation   total 60744K, used 20196K [0x72b30000, 0x76682000, 0x82b30000)
   the space 60744K,  33% used [0x72b30000, 0x73ee9360, 0x73ee9400, 0x76682000)
 compacting perm gen  total 49408K, used 49385K [0x82b30000, 0x85b70000, 0x92b30000)
   the space 49408K,  99% used [0x82b30000, 0x85b6a510, 0x85b6a600, 0x85b70000)
    ro space 10240K,  61% used [0x92b30000, 0x93159d08, 0x93159e00, 0x93530000)
    rw space 12288K,  60% used [0x93530000, 0x93c6c660, 0x93c6c800, 0x94130000)

Code Cache  [0xb3a2d000, 0xb408d000, 0xb5a2d000)
 total_blobs=2653 nmethods=2460 adapters=126 free_code_cache=26947648 largest_free_block=23168

Dynamic libraries:
08048000-0804c000 r-xp 00000000 08:05 7473043    /usr/lib/eclipse/eclipse
0804c000-0804d000 r--p 00003000 08:05 7473043    /usr/lib/eclipse/eclipse
0804d000-0804e000 rw-p 00004000 08:05 7473043    /usr/lib/eclipse/eclipse
098e5000-0a743000 rw-p 00000000 00:00 0          [heap]
6ab30000-6c8f0000 rw-p 00000000 00:00 0 
6c8f0000-6d190000 ---p 00000000 00:00 0 
6d190000-72b30000 rw-p 00000000 00:00 0 
72b30000-76682000 rw-p 00000000 00:00 0 
76682000-777cc000 ---p 00000000 00:00 0 
777cc000-82b30000 rw-p 00000000 00:00 0 
82b30000-85b70000 rw-p 00000000 00:00 0 
85b70000-92b30000 rw-p 00000000 00:00 0 
92b30000-9315a000 r--s 00001000 08:05 11666173   /usr/lib/jvm/java-6-sun-1.6.0.26/jre/lib/i386/client/classes.jsa
9315a000-93530000 rw-p 00000000 00:00 0 
93530000-93c6d000 rw-p 0062b000 08:05 11666173   /usr/lib/jvm/java-6-sun-1.6.0.26/jre/lib/i386/client/classes.jsa
93c6d000-94130000 rw-p 00000000 00:00 0 
94130000-94212000 rw-p 00d68000 08:05 11666173   /usr/lib/jvm/java-6-sun-1.6.0.26/jre/lib/i386/client/classes.jsa
94212000-94530000 rw-p 00000000 00:00 0 
94530000-94538000 r-xs 00e4a000 08:05 11666173   /usr/lib/jvm/java-6-sun-1.6.0.26/jre/lib/i386/client/classes.jsa
94538000-94930000 rw-p 00000000 00:00 0 
a3757000-a375e000 r-xp 00000000 08:05 7217414    /usr/lib/i386-linux-gnu/libproxy.so.0.0.0
a375e000-a375f000 r--p 00006000 08:05 7217414    /usr/lib/i386-linux-gnu/libproxy.so.0.0.0
a375f000-a3760000 rw-p 00007000 08:05 7217414    /usr/lib/i386-linux-gnu/libproxy.so.0.0.0
a3763000-a3764000 r-xp 00000000 08:05 7473878    /usr/lib/i386-linux-gnu/libproxy/0.3.1/modules/config_envvar.so
a3764000-a3765000 r--p 00000000 08:05 7473878    /usr/lib/i386-linux-gnu/libproxy/0.3.1/modules/config_envvar.so
a3765000-a3766000 rw-p 00001000 08:05 7473878    /usr/lib/i386-linux-gnu/libproxy/0.3.1/modules/config_envvar.so
a3766000-a3767000 r-xp 00000000 08:05 7473870    /usr/lib/i386-linux-gnu/libproxy/0.3.1/modules/ignore_ip.so
a3767000-a3768000 r--p 00001000 08:05 7473870    /usr/lib/i386-linux-gnu/libproxy/0.3.1/modules/ignore_ip.so
a3768000-a3769000 rw-p 00002000 08:05 7473870    /usr/lib/i386-linux-gnu/libproxy/0.3.1/modules/ignore_ip.so
a3769000-a376a000 r-xp 00000000 08:05 7473877    /usr/lib/i386-linux-gnu/libproxy/0.3.1/modules/config_direct.so
a376a000-a376b000 r--p 00000000 08:05 7473877    /usr/lib/i386-linux-gnu/libproxy/0.3.1/modules/config_direct.so
a376b000-a376c000 rw-p 00001000 08:05 7473877    /usr/lib/i386-linux-gnu/libproxy/0.3.1/modules/config_direct.so
a376c000-a376d000 r-xp 00000000 08:05 7473873    /usr/lib/i386-linux-gnu/libproxy/0.3.1/modules/ignore_domain.so
a376d000-a376e000 r--p 00000000 08:05 7473873    /usr/lib/i386-linux-gnu/libproxy/0.3.1/modules/ignore_domain.so
a376e000-a376f000 rw-p 00001000 08:05 7473873    /usr/lib/i386-linux-gnu/libproxy/0.3.1/modules/ignore_domain.so
a376f000-a3770000 r-xp 00000000 08:05 7473874    /usr/lib/i386-linux-gnu/libproxy/0.3.1/modules/network_networkmanager.so
a3770000-a3771000 r--p 00000000 08:05 7473874    /usr/lib/i386-linux-gnu/libproxy/0.3.1/modules/network_networkmanager.so
a3771000-a3772000 rw-p 00001000 08:05 7473874    /usr/lib/i386-linux-gnu/libproxy/0.3.1/modules/network_networkmanager.so
a3772000-a3773000 r-xp 00000000 08:05 7473871    /usr/lib/i386-linux-gnu/libproxy/0.3.1/modules/config_file.so
a3773000-a3774000 r--p 00000000 08:05 7473871    /usr/lib/i386-linux-gnu/libproxy/0.3.1/modules/config_file.so
a3774000-a3775000 rw-p 00001000 08:05 7473871    /usr/lib/i386-linux-gnu/libproxy/0.3.1/modules/config_file.so
a3775000-a3779000 r-xp 00000000 08:05 7473875    /usr/lib/i386-linux-gnu/libproxy/0.3.1/modules/pacrunner_webkit.so
a3779000-a377a000 r--p 00003000 08:05 7473875    /usr/lib/i386-linux-gnu/libproxy/0.3.1/modules/pacrunner_webkit.so
a377a000-a377b000 rw-p 00004000 08:05 7473875    /usr/lib/i386-linux-gnu/libproxy/0.3.1/modules/pacrunner_webkit.so
a377b000-a377c000 r-xp 00000000 08:05 7473868    /usr/lib/i386-linux-gnu/libproxy/0.3.1/modules/config_wpad.so
a377c000-a377d000 r--p 00000000 08:05 7473868    /usr/lib/i386-linux-gnu/libproxy/0.3.1/modules/config_wpad.so
a377d000-a377e000 rw-p 00001000 08:05 7473868    /usr/lib/i386-linux-gnu/libproxy/0.3.1/modules/config_wpad.so
a377e000-a377f000 ---p 00000000 00:00 0 
a377f000-a3f7f000 rwxp 00000000 00:00 0          [stack:5557]
a3f7f000-a3f89000 r-xp 00000000 08:05 7344892    /usr/lib/i386-linux-gnu/gio/modules/libdconfsettings.so
a3f89000-a3f8a000 r--p 00009000 08:05 7344892    /usr/lib/i386-linux-gnu/gio/modules/libdconfsettings.so
a3f8a000-a3f8b000 rw-p 0000a000 08:05 7344892    /usr/lib/i386-linux-gnu/gio/modules/libdconfsettings.so
a3f8b000-a3fa5000 r--p 00000000 08:05 7346348    /usr/share/glib-2.0/schemas/gschemas.compiled
a3fa5000-a3ff6000 r-xp 00000000 08:05 7217627    /usr/lib/i386-linux-gnu/libhunspell-1.3.so.0.0.0
a3ff6000-a3ffa000 rw-p 00051000 08:05 7217627    /usr/lib/i386-linux-gnu/libhunspell-1.3.so.0.0.0
a3ffa000-a40ab000 r-xp 00000000 08:05 7217623    /usr/lib/libaspell.so.15.2.0
a40ab000-a40af000 rw-p 000b0000 08:05 7217623    /usr/lib/libaspell.so.15.2.0
a40af000-a40b3000 rw-p 00000000 00:00 0 
a40b3000-a40b6000 r-xp 00000000 08:05 7344888    /usr/lib/i386-linux-gnu/gio/modules/libgiognomeproxy.so
a40b6000-a40b7000 r--p 00002000 08:05 7344888    /usr/lib/i386-linux-gnu/gio/modules/libgiognomeproxy.so
a40b7000-a40b8000 rw-p 00003000 08:05 7344888    /usr/lib/i386-linux-gnu/gio/modules/libgiognomeproxy.so
a40b8000-a40c3000 r-xp 00000000 08:05 7473051    /usr/lib/i386-linux-gnu/enchant/libenchant_ispell.so
a40c3000-a40c4000 r--p 0000b000 08:05 7473051    /usr/lib/i386-linux-gnu/enchant/libenchant_ispell.so
a40c4000-a40c5000 rw-p 0000c000 08:05 7473051    /usr/lib/i386-linux-gnu/enchant/libenchant_ispell.so
a40c5000-a40ce000 r-xp 00000000 08:05 7473052    /usr/lib/i386-linux-gnu/enchant/libenchant_hspell.so
a40ce000-a40cf000 r--p 00008000 08:05 7473052    /usr/lib/i386-linux-gnu/enchant/libenchant_hspell.so
a40cf000-a40d1000 rw-p 00009000 08:05 7473052    /usr/lib/i386-linux-gnu/enchant/libenchant_hspell.so
a40d1000-a40d2000 ---p 00000000 00:00 0 
a40d2000-a48d2000 rwxp 00000000 00:00 0          [stack:5555]
a48d2000-a49f2000 rw-p 00000000 00:00 0 
a49f2000-a49f3000 ---p 00000000 00:00 0 
a49f3000-a51f3000 rwxp 00000000 00:00 0          [stack:5554]
a51f3000-a51f7000 r-xp 00000000 08:05 12582963   /lib/i386-linux-gnu/libuuid.so.1.3.0
a51f7000-a51f8000 r--p 00003000 08:05 12582963   /lib/i386-linux-gnu/libuuid.so.1.3.0
a51f8000-a51f9000 rw-p 00004000 08:05 12582963   /lib/i386-linux-gnu/libuuid.so.1.3.0
a51f9000-a51fc000 r-xp 00000000 08:05 12583179   /lib/i386-linux-gnu/libgpg-error.so.0.10.0
a51fc000-a51fd000 r--p 00002000 08:05 12583179   /lib/i386-linux-gnu/libgpg-error.so.0.10.0
a51fd000-a51fe000 rw-p 00003000 08:05 12583179   /lib/i386-linux-gnu/libgpg-error.so.0.10.0
a51fe000-a5214000 r-xp 00000000 08:05 7218283    /usr/lib/i386-linux-gnu/libICE.so.6.3.0
a5214000-a5216000 rw-p 00015000 08:05 7218283    /usr/lib/i386-linux-gnu/libICE.so.6.3.0
a5216000-a5217000 rw-p 00000000 00:00 0 
a5217000-a521e000 r-xp 00000000 08:05 7218285    /usr/lib/i386-linux-gnu/libSM.so.6.0.1
a521e000-a521f000 rw-p 00006000 08:05 7218285    /usr/lib/i386-linux-gnu/libSM.so.6.0.1
a521f000-a5224000 r-xp 00000000 08:05 7214865    /usr/lib/i386-linux-gnu/libgbm.so.1.0.0
a5224000-a5225000 r--p 00004000 08:05 7214865    /usr/lib/i386-linux-gnu/libgbm.so.1.0.0
a5225000-a5226000 rw-p 00005000 08:05 7214865    /usr/lib/i386-linux-gnu/libgbm.so.1.0.0
a5226000-a5234000 r-xp 00000000 08:05 7217222    /usr/lib/i386-linux-gnu/libwayland-server.so.0.0.0
a5234000-a5235000 r--p 0000d000 08:05 7217222    /usr/lib/i386-linux-gnu/libwayland-server.so.0.0.0
a5235000-a5236000 rw-p 0000e000 08:05 7217222    /usr/lib/i386-linux-gnu/libwayland-server.so.0.0.0
a5236000-a523e000 r-xp 00000000 08:05 7217217    /usr/lib/i386-linux-gnu/libwayland-client.so.0.1.0
a523e000-a523f000 ---p 00008000 08:05 7217217    /usr/lib/i386-linux-gnu/libwayland-client.so.0.1.0
a523f000-a5240000 r--p 00008000 08:05 7217217    /usr/lib/i386-linux-gnu/libwayland-client.so.0.1.0
a5240000-a5241000 rw-p 00009000 08:05 7217217    /usr/lib/i386-linux-gnu/libwayland-client.so.0.1.0
a5241000-a5247000 r-xp 00000000 08:05 7222399    /usr/lib/i386-linux-gnu/libxcb-xfixes.so.0.0.0
a5247000-a5248000 r--p 00005000 08:05 7222399    /usr/lib/i386-linux-gnu/libxcb-xfixes.so.0.0.0
a5248000-a5249000 rw-p 00006000 08:05 7222399    /usr/lib/i386-linux-gnu/libxcb-xfixes.so.0.0.0
a5249000-a5254000 r-xp 00000000 08:05 7216704    /usr/lib/i386-linux-gnu/libdrm.so.2.4.0
a5254000-a5255000 r--p 0000a000 08:05 7216704    /usr/lib/i386-linux-gnu/libdrm.so.2.4.0
a5255000-a5256000 rw-p 0000b000 08:05 7216704    /usr/lib/i386-linux-gnu/libdrm.so.2.4.0
a5256000-a526c000 r-xp 00000000 08:05 7222372    /usr/lib/i386-linux-gnu/libxcb-glx.so.0.0.0
a526c000-a526d000 r--p 00016000 08:05 7222372    /usr/lib/i386-linux-gnu/libxcb-glx.so.0.0.0
a526d000-a526e000 rw-p 00017000 08:05 7222372    /usr/lib/i386-linux-gnu/libxcb-glx.so.0.0.0
a526e000-a527d000 r-xp 00000000 08:05 7218634    /usr/lib/i386-linux-gnu/libglapi.so.0.0.0
a527d000-a527e000 ---p 0000f000 08:05 7218634    /usr/lib/i386-linux-gnu/libglapi.so.0.0.0
a527e000-a5280000 r--p 0000f000 08:05 7218634    /usr/lib/i386-linux-gnu/libglapi.so.0.0.0
a5280000-a5285000 rwxp 00011000 08:05 7218634    /usr/lib/i386-linux-gnu/libglapi.so.0.0.0
a5285000-a5307000 r-xp 00000000 08:05 12582983   /lib/i386-linux-gnu/libgcrypt.so.11.8.2
a5307000-a5308000 r--p 00081000 08:05 12582983   /lib/i386-linux-gnu/libgcrypt.so.11.8.2
a5308000-a530a000 rw-p 00082000 08:05 12582983   /lib/i386-linux-gnu/libgcrypt.so.11.8.2
a530a000-a530b000 rw-p 00000000 00:00 0 
a530b000-a5397000 r-xp 00000000 08:05 7218889    /usr/lib/i386-linux-gnu/liborc-0.4.so.0.18.0
a5397000-a5398000 r--p 0008b000 08:05 7218889    /usr/lib/i386-linux-gnu/liborc-0.4.so.0.18.0
a5398000-a539c000 rw-p 0008c000 08:05 7218889    /usr/lib/i386-linux-gnu/liborc-0.4.so.0.18.0
a539c000-a53d1000 r-xp 00000000 08:05 7233161    /usr/lib/i386-linux-gnu/libgsttag-1.0.so.0.9.0
a53d1000-a53d2000 r--p 00034000 08:05 7233161    /usr/lib/i386-linux-gnu/libgsttag-1.0.so.0.9.0
a53d2000-a53d3000 rw-p 00035000 08:05 7233161    /usr/lib/i386-linux-gnu/libgsttag-1.0.so.0.9.0
a53d3000-a53ee000 r-xp 00000000 08:05 12582934   /lib/i386-linux-gnu/libgcc_s.so.1
a53ee000-a53ef000 rw-p 0001a000 08:05 12582934   /lib/i386-linux-gnu/libgcc_s.so.1
a53ef000-a54d0000 r-xp 00000000 08:05 7208969    /usr/lib/i386-linux-gnu/libstdc++.so.6.0.18
a54d0000-a54d1000 ---p 000e1000 08:05 7208969    /usr/lib/i386-linux-gnu/libstdc++.so.6.0.18
a54d1000-a54d5000 r--p 000e1000 08:05 7208969    /usr/lib/i386-linux-gnu/libstdc++.so.6.0.18
a54d5000-a54d6000 rw-p 000e5000 08:05 7208969    /usr/lib/i386-linux-gnu/libstdc++.so.6.0.18
a54d6000-a54dd000 rw-p 00000000 00:00 0 
a54dd000-a5535000 r-xp 00000000 08:05 7236003    /usr/lib/i386-linux-gnu/libXt.so.6.0.0
a5535000-a5536000 r--p 00058000 08:05 7236003    /usr/lib/i386-linux-gnu/libXt.so.6.0.0
a5536000-a5539000 rw-p 00059000 08:05 7236003    /usr/lib/i386-linux-gnu/libXt.so.6.0.0
a5539000-a557f000 r-xp 00000000 08:05 7232688    /usr/lib/i386-linux-gnu/libwebp.so.4.0.2
a557f000-a5580000 r--p 00045000 08:05 7232688    /usr/lib/i386-linux-gnu/libwebp.so.4.0.2
a5580000-a5581000 rw-p 00046000 08:05 7232688    /usr/lib/i386-linux-gnu/libwebp.so.4.0.2
a5581000-a5584000 rw-p 00000000 00:00 0 
a5584000-a66f3000 r-xp 00000000 08:05 7229438    /usr/lib/i386-linux-gnu/libicudata.so.48.1.1
a66f3000-a66f4000 r--p 0116e000 08:05 7229438    /usr/lib/i386-linux-gnu/libicudata.so.48.1.1
a66f4000-a66f5000 rw-p 0116f000 08:05 7229438    /usr/lib/i386-linux-gnu/libicudata.so.48.1.1
a66f5000-a684d000 r-xp 00000000 08:05 7229437    /usr/lib/i386-linux-gnu/libicuuc.so.48.1.1
a684d000-a6857000 r--p 00157000 08:05 7229437    /usr/lib/i386-linux-gnu/libicuuc.so.48.1.1
a6857000-a6858000 rw-p 00161000 08:05 7229437    /usr/lib/i386-linux-gnu/libicuuc.so.48.1.1
a6858000-a685c000 rw-p 00000000 00:00 0 
a685c000-a6a2c000 r-xp 00000000 08:05 7229434    /usr/lib/i386-linux-gnu/libicui18n.so.48.1.1
a6a2c000-a6a32000 r--p 001d0000 08:05 7229434    /usr/lib/i386-linux-gnu/libicui18n.so.48.1.1
a6a32000-a6a33000 rw-p 001d6000 08:05 7229434    /usr/lib/i386-linux-gnu/libicui18n.so.48.1.1
a6a33000-a6ae8000 r-xp 00000000 08:05 7213774    /usr/lib/i386-linux-gnu/libsqlite3.so.0.8.6
a6ae8000-a6aea000 r--p 000b4000 08:05 7213774    /usr/lib/i386-linux-gnu/libsqlite3.so.0.8.6
a6aea000-a6aeb000 rw-p 000b6000 08:05 7213774    /usr/lib/i386-linux-gnu/libsqlite3.so.0.8.6
a6aeb000-a6aec000 rw-p 00000000 00:00 0 
a6aec000-a6b0c000 r-xp 00000000 08:05 7217227    /usr/lib/i386-linux-gnu/libEGL.so.1.0.0
a6b0c000-a6b0d000 ---p 00020000 08:05 7217227    /usr/lib/i386-linux-gnu/libEGL.so.1.0.0
a6b0d000-a6b0e000 r--p 00020000 08:05 7217227    /usr/lib/i386-linux-gnu/libEGL.so.1.0.0
a6b0e000-a6b0f000 rw-p 00021000 08:05 7217227    /usr/lib/i386-linux-gnu/libEGL.so.1.0.0
a6b0f000-a6b61000 r-xp 00000000 08:05 7217907    /usr/lib/i386-linux-gnu/libGL.so.1.2.0
a6b61000-a6b63000 r--p 00051000 08:05 7217907    /usr/lib/i386-linux-gnu/libGL.so.1.2.0
a6b63000-a6b67000 rwxp 00053000 08:05 7217907    /usr/lib/i386-linux-gnu/libGL.so.1.2.0
a6b67000-a6b68000 rwxp 00000000 00:00 0 
a6b68000-a6ba4000 r-xp 00000000 08:05 7237494    /usr/lib/i386-linux-gnu/libxslt.so.1.1.28
a6ba4000-a6ba5000 r--p 0003c000 08:05 7237494    /usr/lib/i386-linux-gnu/libxslt.so.1.1.28
a6ba5000-a6ba6000 rw-p 0003d000 08:05 7237494    /usr/lib/i386-linux-gnu/libxslt.so.1.1.28
a6ba6000-a6c32000 r-xp 00000000 08:05 7235694    /usr/lib/i386-linux-gnu/libsoup-2.4.so.1.6.0
a6c32000-a6c33000 r--p 0008c000 08:05 7235694    /usr/lib/i386-linux-gnu/libsoup-2.4.so.1.6.0
a6c33000-a6c40000 rw-p 0008d000 08:05 7235694    /usr/lib/i386-linux-gnu/libsoup-2.4.so.1.6.0
a6c40000-a6c8a000 r-xp 00000000 08:05 7217791    /usr/lib/i386-linux-gnu/libsecret-1.so.0.0.0
a6c8a000-a6c8c000 r--p 00049000 08:05 7217791    /usr/lib/i386-linux-gnu/libsecret-1.so.0.0.0
a6c8c000-a6c8d000 rw-p 0004b000 08:05 7217791    /usr/lib/i386-linux-gnu/libsecret-1.so.0.0.0
a6c8d000-a6cc5000 r-xp 00000000 08:05 7216204    /usr/lib/i386-linux-gnu/libjpeg.so.8.4.0
a6cc5000-a6cc6000 rw-p 00037000 08:05 7216204    /usr/lib/i386-linux-gnu/libjpeg.so.8.4.0
a6cc6000-a6db7000 r-xp 00000000 08:05 7233108    /usr/lib/i386-linux-gnu/libgstreamer-1.0.so.0.9.0
a6db7000-a6dba000 r--p 000f0000 08:05 7233108    /usr/lib/i386-linux-gnu/libgstreamer-1.0.so.0.9.0
a6dba000-a6dbb000 rw-p 000f3000 08:05 7233108    /usr/lib/i386-linux-gnu/libgstreamer-1.0.so.0.9.0
a6dbb000-a6dbc000 rw-p 00000000 00:00 0 
a6dbc000-a6e16000 r-xp 00000000 08:05 7233104    /usr/lib/i386-linux-gnu/libgstbase-1.0.so.0.9.0
a6e16000-a6e17000 r--p 0005a000 08:05 7233104    /usr/lib/i386-linux-gnu/libgstbase-1.0.so.0.9.0
a6e17000-a6e18000 rw-p 0005b000 08:05 7233104    /usr/lib/i386-linux-gnu/libgstbase-1.0.so.0.9.0
a6e18000-a6e58000 r-xp 00000000 08:05 7233164    /usr/lib/i386-linux-gnu/libgstvideo-1.0.so.0.9.0
a6e58000-a6e59000 r--p 0003f000 08:05 7233164    /usr/lib/i386-linux-gnu/libgstvideo-1.0.so.0.9.0
a6e59000-a6e5c000 rw-p 00040000 08:05 7233164    /usr/lib/i386-linux-gnu/libgstvideo-1.0.so.0.9.0
a6e5c000-a6e7d000 r-xp 00000000 08:05 7233160    /usr/lib/i386-linux-gnu/libgstpbutils-1.0.so.0.9.0
a6e7d000-a6e7e000 r--p 00020000 08:05 7233160    /usr/lib/i386-linux-gnu/libgstpbutils-1.0.so.0.9.0
a6e7e000-a6e7f000 rw-p 00021000 08:05 7233160    /usr/lib/i386-linux-gnu/libgstpbutils-1.0.so.0.9.0
a6e7f000-a7384000 r-xp 00000000 08:05 7225156    /usr/lib/libjavascriptcoregtk-1.0.so.0.13.16
a7384000-a738c000 r--p 00504000 08:05 7225156    /usr/lib/libjavascriptcoregtk-1.0.so.0.13.16
a738c000-a7392000 rw-p 0050c000 08:05 7225156    /usr/lib/libjavascriptcoregtk-1.0.so.0.13.16
a7392000-a73a4000 rw-p 00000000 00:00 0 
a73a4000-a8e25000 r-xp 00000000 08:05 7225154    /usr/lib/libwebkitgtk-1.0.so.0.18.9
a8e25000-a8eef000 r--p 01a80000 08:05 7225154    /usr/lib/libwebkitgtk-1.0.so.0.18.9
a8eef000-a8ef9000 rw-p 01b4a000 08:05 7225154    /usr/lib/libwebkitgtk-1.0.so.0.18.9
a8ef9000-a8f00000 rw-p 00000000 00:00 0 
a8f00000-a8f30000 rw-p 00000000 00:00 0 
a8f30000-a9000000 ---p 00000000 00:00 0 
a9001000-a9002000 r-xp 00000000 08:05 7473879    /usr/lib/i386-linux-gnu/libproxy/0.3.1/modules/wpad_dns.so
a9002000-a9003000 r--p 00000000 08:05 7473879    /usr/lib/i386-linux-gnu/libproxy/0.3.1/modules/wpad_dns.so
a9003000-a9004000 rw-p 00001000 08:05 7473879    /usr/lib/i386-linux-gnu/libproxy/0.3.1/modules/wpad_dns.so
a9004000-a9008000 r-xp 00000000 08:05 7215962    /usr/lib/i386-linux-gnu/libXxf86vm.so.1.0.0
a9008000-a9009000 r--p 00003000 08:05 7215962    /usr/lib/i386-linux-gnu/libXxf86vm.so.1.0.0
a9009000-a900a000 rw-p 00004000 08:05 7215962    /usr/lib/i386-linux-gnu/libXxf86vm.so.1.0.0
a900a000-a900e000 r-xp 00000000 08:05 7222368    /usr/lib/i386-linux-gnu/libxcb-dri2.so.0.0.0
a900e000-a900f000 r--p 00003000 08:05 7222368    /usr/lib/i386-linux-gnu/libxcb-dri2.so.0.0.0
a900f000-a9010000 rw-p 00004000 08:05 7222368    /usr/lib/i386-linux-gnu/libxcb-dri2.so.0.0.0
a9010000-a901a000 r-xp 00000000 08:05 7233159    /usr/lib/i386-linux-gnu/libgstfft-1.0.so.0.9.0
a901a000-a901b000 r--p 00009000 08:05 7233159    /usr/lib/i386-linux-gnu/libgstfft-1.0.so.0.9.0
a901b000-a901c000 rw-p 0000a000 08:05 7233159    /usr/lib/i386-linux-gnu/libgstfft-1.0.so.0.9.0
a901c000-a906a000 r-xp 00000000 08:05 7233165    /usr/lib/i386-linux-gnu/libgstaudio-1.0.so.0.9.0
a906a000-a906b000 ---p 0004e000 08:05 7233165    /usr/lib/i386-linux-gnu/libgstaudio-1.0.so.0.9.0
a906b000-a906c000 r--p 0004e000 08:05 7233165    /usr/lib/i386-linux-gnu/libgstaudio-1.0.so.0.9.0
a906c000-a906d000 rw-p 0004f000 08:05 7233165    /usr/lib/i386-linux-gnu/libgstaudio-1.0.so.0.9.0
a906d000-a9078000 r-xp 00000000 08:05 7233156    /usr/lib/i386-linux-gnu/libgstapp-1.0.so.0.9.0
a9078000-a9079000 r--p 0000a000 08:05 7233156    /usr/lib/i386-linux-gnu/libgstapp-1.0.so.0.9.0
a9079000-a907a000 rw-p 0000b000 08:05 7233156    /usr/lib/i386-linux-gnu/libgstapp-1.0.so.0.9.0
a907a000-a90c3000 r-xp 00000000 08:05 12583064   /lib/i386-linux-gnu/libdbus-1.so.3.7.4
a90c3000-a90c4000 r--p 00049000 08:05 12583064   /lib/i386-linux-gnu/libdbus-1.so.3.7.4
a90c4000-a90c5000 rw-p 0004a000 08:05 12583064   /lib/i386-linux-gnu/libdbus-1.so.3.7.4
a90c5000-a90ea000 r-xp 00000000 08:05 7216517    /usr/lib/i386-linux-gnu/libdbus-glib-1.so.2.2.2
a90ea000-a90eb000 rw-p 00024000 08:05 7216517    /usr/lib/i386-linux-gnu/libdbus-glib-1.so.2.2.2
a90eb000-a90fd000 r-xp 00000000 08:05 7216180    /usr/lib/i386-linux-gnu/libgeoclue.so.0.0.0
a90fd000-a90fe000 ---p 00012000 08:05 7216180    /usr/lib/i386-linux-gnu/libgeoclue.so.0.0.0
a90fe000-a90ff000 r--p 00012000 08:05 7216180    /usr/lib/i386-linux-gnu/libgeoclue.so.0.0.0
a90ff000-a9100000 rw-p 00013000 08:05 7216180    /usr/lib/i386-linux-gnu/libgeoclue.so.0.0.0
a9100000-a91fa000 rw-p 00000000 00:00 0 
a91fa000-a9200000 ---p 00000000 00:00 0 
a9200000-a9202000 r-xp 00000000 08:05 7220196    /usr/lib/i386-linux-gnu/libxcb-shape.so.0.0.0
a9202000-a9203000 r--p 00002000 08:05 7220196    /usr/lib/i386-linux-gnu/libxcb-shape.so.0.0.0
a9203000-a9204000 rw-p 00003000 08:05 7220196    /usr/lib/i386-linux-gnu/libxcb-shape.so.0.0.0
a9204000-a920b000 r-xp 00000000 08:05 7217020    /usr/lib/i386-linux-gnu/libgailutil.so.18.0.1
a920b000-a920c000 rw-p 00006000 08:05 7217020    /usr/lib/i386-linux-gnu/libgailutil.so.18.0.1
a920c000-a920e000 r-xp 00000000 08:05 7217773    /usr/lib/i386-linux-gnu/libharfbuzz-icu.so.0.919.0
a920e000-a920f000 r--p 00001000 08:05 7217773    /usr/lib/i386-linux-gnu/libharfbuzz-icu.so.0.919.0
a920f000-a9210000 rw-p 00002000 08:05 7217773    /usr/lib/i386-linux-gnu/libharfbuzz-icu.so.0.919.0
a9210000-a921a000 r-xp 00000000 08:05 7232949    /usr/lib/i386-linux-gnu/libenchant.so.1.6.0
a921a000-a921b000 r--p 00009000 08:05 7232949    /usr/lib/i386-linux-gnu/libenchant.so.1.6.0
a921b000-a921c000 rw-p 0000a000 08:05 7232949    /usr/lib/i386-linux-gnu/libenchant.so.1.6.0
a921c000-a921e000 r-xp 00000000 08:05 7344889    /usr/lib/i386-linux-gnu/gio/modules/libgiolibproxy.so
a921e000-a921f000 r--p 00001000 08:05 7344889    /usr/lib/i386-linux-gnu/gio/modules/libgiolibproxy.so
a921f000-a9220000 rw-p 00002000 08:05 7344889    /usr/lib/i386-linux-gnu/gio/modules/libgiolibproxy.so
a9220000-a9224000 r-xp 00000000 08:05 7473049    /usr/lib/i386-linux-gnu/enchant/libenchant_myspell.so
a9224000-a9225000 r--p 00003000 08:05 7473049    /usr/lib/i386-linux-gnu/enchant/libenchant_myspell.so
a9225000-a9226000 rw-p 00004000 08:05 7473049    /usr/lib/i386-linux-gnu/enchant/libenchant_myspell.so
a9226000-a9228000 r-xp 00000000 08:05 7473050    /usr/lib/i386-linux-gnu/enchant/libenchant_aspell.so
a9228000-a9229000 r--p 00001000 08:05 7473050    /usr/lib/i386-linux-gnu/enchant/libenchant_aspell.so
a9229000-a922a000 rw-p 00002000 08:05 7473050    /usr/lib/i386-linux-gnu/enchant/libenchant_aspell.so
a922a000-a923a000 rw-p 00000000 00:00 0 
a923a000-a9246000 r-xp 00000000 08:05 7478332    /usr/lib/jni/libswt-webkit-gtk-3833.so
a9246000-a9247000 r--p 0000b000 08:05 7478332    /usr/lib/jni/libswt-webkit-gtk-3833.so
a9247000-a9248000 rw-p 0000c000 08:05 7478332    /usr/lib/jni/libswt-webkit-gtk-3833.so
a9248000-a9253000 r--s 000ba000 08:05 12322469   /usr/lib/eclipse/dropins/sdk/plugins/org.eclipse.pde.api.tools_1.0.400.dist.jar
a9253000-a9278000 r-xp 00000000 08:05 12582944   /lib/i386-linux-gnu/liblzma.so.5.0.0
a9278000-a9279000 r--p 00024000 08:05 12582944   /lib/i386-linux-gnu/liblzma.so.5.0.0
a9279000-a927a000 rw-p 00025000 08:05 12582944   /lib/i386-linux-gnu/liblzma.so.5.0.0
a927a000-a93ce000 r-xp 00000000 08:05 7213778    /usr/lib/i386-linux-gnu/libxml2.so.2.9.1
a93ce000-a93d3000 r--p 00153000 08:05 7213778    /usr/lib/i386-linux-gnu/libxml2.so.2.9.1
a93d3000-a93d4000 rw-p 00158000 08:05 7213778    /usr/lib/i386-linux-gnu/libxml2.so.2.9.1
a93d4000-a93d5000 rw-p 00000000 00:00 0 
a93d5000-a940d000 r-xp 00000000 08:05 7221833    /usr/lib/i386-linux-gnu/libcroco-0.6.so.3.0.1
a940d000-a940f000 r--p 00038000 08:05 7221833    /usr/lib/i386-linux-gnu/libcroco-0.6.so.3.0.1
a940f000-a9410000 rw-p 0003a000 08:05 7221833    /usr/lib/i386-linux-gnu/libcroco-0.6.so.3.0.1
a9410000-a9447000 r-xp 00000000 08:05 7230037    /usr/lib/i386-linux-gnu/librsvg-2.so.2.36.4
a9447000-a9448000 r--p 00036000 08:05 7230037    /usr/lib/i386-linux-gnu/librsvg-2.so.2.36.4
a9448000-a9449000 rw-p 00037000 08:05 7230037    /usr/lib/i386-linux-gnu/librsvg-2.so.2.36.4
a944b000-a9467000 r--s 0013b000 08:05 11276637   /usr/share/eclipse/plugins/org.eclipse.team.ui_3.6.200.dist.jar
a9467000-a9485000 r--s 00176000 08:05 11276639   /usr/share/eclipse/plugins/org.eclipse.team.cvs.ui_3.3.500.dist.jar
a9485000-ab204000 r--p 00000000 08:05 7473048    /usr/share/icons/hicolor/icon-theme.cache
ab204000-b0404000 r--p 00000000 08:05 7473958    /usr/share/icons/gnome/icon-theme.cache
b0404000-b0642000 r--p 00000000 08:05 7740173    /usr/share/icons/Tango/icon-theme.cache
b0642000-b0643000 ---p 00000000 00:00 0 
b0643000-b0e43000 rwxp 00000000 00:00 0          [stack:5391]
b0e43000-b0e44000 ---p 00000000 00:00 0 
b0e44000-b1644000 rwxp 00000000 00:00 0          [stack:5390]
b1644000-b1673000 r-xp 00000000 08:05 7221756    /usr/lib/i386-linux-gnu/libbluray.so.1.1.0
b1673000-b1674000 r--p 0002f000 08:05 7221756    /usr/lib/i386-linux-gnu/libbluray.so.1.1.0
b1674000-b1675000 rw-p 00030000 08:05 7221756    /usr/lib/i386-linux-gnu/libbluray.so.1.1.0
b1675000-b1683000 r-xp 00000000 08:05 12583241   /lib/i386-linux-gnu/libudev.so.0.13.0
b1683000-b1684000 r--p 0000d000 08:05 12583241   /lib/i386-linux-gnu/libudev.so.0.13.0
b1684000-b1685000 rw-p 0000e000 08:05 12583241   /lib/i386-linux-gnu/libudev.so.0.13.0
b1685000-b16b9000 r-xp 00000000 08:05 7607043    /usr/lib/i386-linux-gnu/gvfs/libgvfscommon.so
b16b9000-b16bb000 r--p 00034000 08:05 7607043    /usr/lib/i386-linux-gnu/gvfs/libgvfscommon.so
b16bb000-b16bc000 rw-p 00036000 08:05 7607043    /usr/lib/i386-linux-gnu/gvfs/libgvfscommon.so
b16bc000-b16bf000 ---p 00000000 00:00 0 
b16bf000-b170d000 rwxp 00000000 00:00 0 
b170d000-b1710000 ---p 00000000 00:00 0 
b1710000-b175e000 rwxp 00000000 00:00 0 
b175e000-b1761000 ---p 00000000 00:00 0 
b1761000-b17af000 rwxp 00000000 00:00 0          [stack:5383]
b17af000-b17b2000 ---p 00000000 00:00 0 
b17b2000-b1800000 rwxp 00000000 00:00 0          [stack:5550]
b1800000-b18fc000 rw-p 00000000 00:00 0 
b18fc000-b1900000 ---p 00000000 00:00 0 
b1900000-b1901000 r-xp 00000000 08:05 7222347    /usr/lib/i386-linux-gnu/libX11-xcb.so.1.0.0
b1901000-b1902000 r--p 00000000 08:05 7222347    /usr/lib/i386-linux-gnu/libX11-xcb.so.1.0.0
b1902000-b1903000 rw-p 00001000 08:05 7222347    /usr/lib/i386-linux-gnu/libX11-xcb.so.1.0.0
b1903000-b1935000 r-xp 00000000 08:05 7346504    /usr/lib/i386-linux-gnu/gio/modules/libgvfsdbus.so
b1935000-b1936000 r--p 00031000 08:05 7346504    /usr/lib/i386-linux-gnu/gio/modules/libgvfsdbus.so
b1936000-b1937000 rw-p 00032000 08:05 7346504    /usr/lib/i386-linux-gnu/gio/modules/libgvfsdbus.so
b1937000-b193a000 ---p 00000000 00:00 0 
b193a000-b1988000 rwxp 00000000 00:00 0          [stack:5549]
b1988000-b198b000 ---p 00000000 00:00 0 
b198b000-b19d9000 rwxp 00000000 00:00 0          [stack:5552]
b19d9000-b19dc000 ---p 00000000 00:00 0 
b19dc000-b1a2a000 rwxp 00000000 00:00 0          [stack:5356]
b1a2a000-b1a2d000 ---p 00000000 00:00 0 
b1a2d000-b1a7b000 rwxp 00000000 00:00 0          [stack:5428]
b1a7b000-b1a7e000 ---p 00000000 00:00 0 
b1a7e000-b1acc000 rwxp 00000000 00:00 0          [stack:5429]
b1acc000-b1b4c000 rw-s 00000000 00:04 9994257    /SYSV00000000 (deleted)
b1b4c000-b1bac000 rw-s 00000000 00:04 9961488    /SYSV00000000 (deleted)
b1bac000-b1bae000 r--s 00013000 08:05 11276239   /usr/share/eclipse/plugins/org.eclipse.ui.intro.universal_3.2.600.dist/universal.jar
b1bae000-b1bb2000 r--s 0001c000 08:05 11276661   /usr/share/eclipse/plugins/org.eclipse.ui.externaltools_3.2.100.dist.jar
b1bb3000-b1bb8000 r-xp 00000000 08:05 12714675   /lib/i386-linux-gnu/i686/cmov/libnss_dns-2.17.so
b1bb8000-b1bb9000 r--p 00004000 08:05 12714675   /lib/i386-linux-gnu/i686/cmov/libnss_dns-2.17.so
b1bb9000-b1bba000 rw-p 00005000 08:05 12714675   /lib/i386-linux-gnu/i686/cmov/libnss_dns-2.17.so
b1bba000-b1bc8000 r--s 000a2000 08:05 11276180   /usr/share/eclipse/plugins/org.eclipse.compare_3.5.300.dist.jar
b1bc8000-b1bc9000 r-xp 00000000 08:05 7473310    /usr/lib/i386-linux-gnu/gdk-pixbuf-2.0/2.10.0/loaders/libpixbufloader-svg.so
b1bc9000-b1bca000 r--p 00000000 08:05 7473310    /usr/lib/i386-linux-gnu/gdk-pixbuf-2.0/2.10.0/loaders/libpixbufloader-svg.so
b1bca000-b1bcb000 rw-p 00001000 08:05 7473310    /usr/lib/i386-linux-gnu/gdk-pixbuf-2.0/2.10.0/loaders/libpixbufloader-svg.so
b1bcb000-b1bd2000 r--s 00000000 08:05 7214555    /usr/lib/i386-linux-gnu/gconv/gconv-modules.cache
b1bd2000-b1bdb000 r--s 0005b000 08:05 12322154   /usr/share/eclipse/dropins/jdt/plugins/org.eclipse.jdt.junit_3.7.100.dist.jar
b1bdb000-b1bde000 r--s 0001d000 08:05 12322368   /usr/lib/eclipse/dropins/sdk/plugins/org.eclipse.ui.views.log_1.0.300.dist.jar
b1bde000-b1be0000 r--s 00019000 08:05 12322401   /usr/lib/eclipse/dropins/sdk/plugins/org.eclipse.pde.launching_3.6.100.dist.jar
b1be0000-b1be2000 r--s 0000c000 08:05 12322371   /usr/lib/eclipse/dropins/sdk/plugins/org.eclipse.ui.trace_1.0.1.dist.jar
b1be2000-b1bea000 r--s 0004a000 08:05 11276640   /usr/share/eclipse/plugins/org.eclipse.debug.core_3.7.100.dist.jar
b1bea000-b1bef000 r--s 00046000 08:05 12322174   /usr/share/eclipse/dropins/jdt/plugins/org.eclipse.jdt.launching_3.6.100.dist.jar
b1bef000-b1bf3000 r--s 00022000 08:05 11276210   /usr/share/eclipse/plugins/org.eclipse.ui.console_3.5.100.dist.jar
b1bf3000-b1bf7000 r--s 00018000 08:05 11276174   /usr/share/eclipse/plugins/org.eclipse.ui.navigator.resources_3.4.400.dist.jar
b1bf7000-b1bf9000 r--s 0000c000 08:05 11276206   /usr/share/eclipse/plugins/org.eclipse.compare.core_3.5.200.dist.jar
b1bf9000-b1bfc000 ---p 00000000 00:00 0 
b1bfc000-b1c4a000 rwxp 00000000 00:00 0          [stack:5343]
b1c4a000-b1c54000 r--s 00062000 08:05 11276191   /usr/share/eclipse/plugins/org.eclipse.ltk.ui.refactoring_3.7.0.dist.jar
b1c54000-b1c8e000 r--p 00000000 08:05 7477642    /usr/share/fonts/truetype/dejavu/DejaVuSansMono-BoldOblique.ttf
b1c8e000-b1cca000 r--p 00000000 08:05 7472137    /usr/share/fonts/truetype/dejavu/DejaVuSansMono-Oblique.ttf
b1cca000-b1d17000 r--p 00000000 08:05 7477637    /usr/share/fonts/truetype/dejavu/DejaVuSansMono-Bold.ttf
b1d17000-b1d69000 r--p 00000000 08:05 7476023    /usr/share/fonts/truetype/dejavu/DejaVuSansMono.ttf
b1d69000-b1d83000 r--s 00128000 08:05 12322175   /usr/share/eclipse/dropins/jdt/plugins/org.eclipse.jdt.debug.ui_3.6.100.dist.jar
b1d83000-b1d8a000 r--s 00046000 08:05 11276181   /usr/share/eclipse/plugins/org.eclipse.ltk.core.refactoring_3.6.0.dist.jar
b1d8a000-b1e24000 r--p 00000000 08:05 7472131    /usr/share/fonts/truetype/dejavu/DejaVuSans-BoldOblique.ttf
b1e24000-b1ebe000 r--p 00000000 08:05 7472135    /usr/share/fonts/truetype/dejavu/DejaVuSans-Oblique.ttf
b1ebe000-b1f67000 r--p 00000000 08:05 7471172    /usr/share/fonts/truetype/dejavu/DejaVuSans-Bold.ttf
b1f67000-b1f6a000 r--s 00012000 08:05 11276175   /usr/share/eclipse/plugins/org.eclipse.ui.views_3.6.100.dist.jar
b1f6a000-b1f73000 r--s 0005c000 08:05 12322470   /usr/lib/eclipse/dropins/sdk/plugins/org.eclipse.pde.api.tools.ui_1.0.400.dist.jar
b1f73000-b1f7c000 r--s 00055000 08:05 11276166   /usr/share/eclipse/plugins/org.eclipse.team.core_3.6.100.dist.jar
b1f7c000-b1f7f000 r--s 00017000 08:05 11276211   /usr/share/eclipse/plugins/org.eclipse.core.filebuffers_3.5.200.dist.jar
b1f7f000-b1f82000 r--s 00011000 08:05 12322188   /usr/share/eclipse/dropins/jdt/plugins/org.eclipse.jdt.core.manipulation_1.5.0.dist.jar
b1f82000-b1f8b000 r--s 00066000 08:05 11276631   /usr/share/eclipse/plugins/org.eclipse.search_3.8.0.dist.jar
b1f8b000-b1f8e000 ---p 00000000 00:00 0 
b1f8e000-b1fdc000 rwxp 00000000 00:00 0          [stack:5341]
b1fdc000-b1fe4000 r--s 00115000 08:05 7873456    /usr/lib/jvm/java-6-sun-1.6.0.26/jre/lib/resources.jar
b1fe4000-b1fe7000 r--s 00022000 08:05 12322155   /usr/share/eclipse/dropins/jdt/plugins/org.eclipse.jdt.compiler.apt_1.0.500.dist.jar
b1fe7000-b2012000 r--s 00455000 08:05 11276217   /usr/share/eclipse/plugins/org.eclipse.jdt.core_3.8.2.dist.jar
b2012000-b2026000 r--s 000d8000 08:05 11276208   /usr/share/eclipse/plugins/org.eclipse.jface.text_3.8.1.dist.jar
b2026000-b202b000 r--s 00035000 08:05 11276701   /usr/share/eclipse/plugins/org.eclipse.text_3.5.200.dist.jar
b202b000-b2036000 r--s 0007d000 08:05 11276186   /usr/share/eclipse/plugins/org.eclipse.ui.editors_3.8.0.dist.jar
b2036000-b2041000 r--s 00080000 08:05 11276218   /usr/share/eclipse/plugins/org.eclipse.ui.workbench.texteditor_3.8.0.dist.jar
b2041000-b20d7000 r--s 0091c000 08:05 12322196   /usr/share/eclipse/dropins/jdt/plugins/org.eclipse.jdt.ui_3.8.1.dist.jar
b20d7000-b2122000 r--s 003b7000 08:05 12322390   /usr/lib/eclipse/dropins/sdk/plugins/org.eclipse.pde.ui_3.7.1.dist.jar
b2122000-b2126000 r--s 0001b000 08:05 7878947    /usr/lib/eclipse/plugins/net.sourceforge.vrapper.eclipse_0.34.1.jar
b2126000-b2129000 ---p 00000000 00:00 0 
b2129000-b2177000 rwxp 00000000 00:00 0          [stack:5547]
b2177000-b217a000 ---p 00000000 00:00 0 
b217a000-b21c8000 rwxp 00000000 00:00 0          [stack:5339]
b21c8000-b21cd000 r--s 00038000 08:05 7878518    /usr/lib/eclipse/plugins/org.eclipse.help_3.6.0.dist.jar
b21cd000-b2200000 r--s 0023a000 08:05 11276700   /usr/share/eclipse/plugins/org.eclipse.debug.ui_3.8.1.dist.jar
b2200000-b2300000 rw-p 00000000 00:00 0 
b2301000-b2302000 r--s 0000c000 08:05 12322152   /usr/share/eclipse/dropins/jdt/plugins/org.eclipse.jdt.compiler.tool_1.0.101.dist.jar
b2302000-b2306000 r--s 00021000 08:05 12322399   /usr/lib/eclipse/dropins/sdk/plugins/org.eclipse.pde.runtime_3.4.300.dist.jar
b2306000-b230b000 r--s 00028000 08:05 11276654   /usr/share/eclipse/plugins/org.eclipse.ui.browser_3.4.1.dist.jar
b230b000-b2313000 r--s 00046000 08:05 11276653   /usr/share/eclipse/plugins/org.eclipse.ui.cheatsheets_3.4.200.dist.jar
b2313000-b231d000 r--s 0006c000 08:05 11276168   /usr/share/eclipse/plugins/org.eclipse.help.ui_3.5.200.dist.jar
b231d000-b231f000 r--s 00012000 08:05 7878557    /usr/lib/eclipse/plugins/org.eclipse.core.expressions_3.4.400.dist.jar
b231f000-b232b000 r-xp 00000000 08:05 7478327    /usr/lib/jni/libswt-atk-gtk-3833.so
b232b000-b232c000 r--p 0000b000 08:05 7478327    /usr/lib/jni/libswt-atk-gtk-3833.so
b232c000-b232d000 rw-p 0000c000 08:05 7478327    /usr/lib/jni/libswt-atk-gtk-3833.so
b232e000-b2330000 r-xp 00000000 08:05 12714685   /lib/i386-linux-gnu/i686/cmov/libutil-2.17.so
b2330000-b2331000 r--p 00001000 08:05 12714685   /lib/i386-linux-gnu/i686/cmov/libutil-2.17.so
b2331000-b2332000 rw-p 00002000 08:05 12714685   /lib/i386-linux-gnu/i686/cmov/libutil-2.17.so
b2332000-b2342000 r--s 000d7000 08:05 12322151   /usr/share/eclipse/dropins/jdt/plugins/org.eclipse.ant.ui_3.5.300.dist.jar
b2342000-b234f000 r--s 000c0000 08:05 12322186   /usr/share/eclipse/dropins/jdt/plugins/org.eclipse.jdt.debug_3.7.101.dist/jdimodel.jar
b234f000-b2353000 r--s 0000a000 08:05 12322179   /usr/share/eclipse/dropins/jdt/plugins/org.eclipse.jdt.debug_3.7.101.dist/jdi.jar
b2353000-b2360000 r--s 00075000 08:05 7878660    /usr/lib/eclipse/plugins/net.sourceforge.vrapper.core_0.34.1.jar
b2360000-b2363000 ---p 00000000 00:00 0 
b2363000-b23b1000 rwxp 00000000 00:00 0 
b23b1000-b23b9000 r--s 0003d000 08:05 7878564    /usr/lib/eclipse/plugins/org.eclipse.core.databinding.observable_1.4.1.dist.jar
b23b9000-b23c2000 r--s 00037000 08:05 7878516    /usr/lib/eclipse/plugins/org.eclipse.jface.databinding_1.6.0.dist.jar
b23c2000-b23c4000 r-xp 00000000 08:05 10749246   /home/steven/.eclipse/org.eclipse.platform_3.8_155965261/configuration/org.eclipse.osgi/bundles/35/2/.cp/os/linux/x86/libunixfile_1_0_0.so
b23c4000-b23c5000 r--p 00001000 08:05 10749246   /home/steven/.eclipse/org.eclipse.platform_3.8_155965261/configuration/org.eclipse.osgi/bundles/35/2/.cp/os/linux/x86/libunixfile_1_0_0.so
b23c5000-b23c6000 rw-p 00002000 08:05 10749246   /home/steven/.eclipse/org.eclipse.platform_3.8_155965261/configuration/org.eclipse.osgi/bundles/35/2/.cp/os/linux/x86/libunixfile_1_0_0.so
b23c6000-b23c8000 r--s 0000b000 08:05 11276212   /usr/share/eclipse/plugins/org.eclipse.core.filesystem_1.3.200.dist.jar
b23c8000-b23d3000 r--s 000b9000 08:05 11276663   /usr/share/eclipse/plugins/org.eclipse.core.resources_3.8.1.dist.jar
b23d5000-b23d6000 r--s 00006000 08:05 7878956    /usr/lib/eclipse/plugins/net.sourceforge.vrapper.plugin.surround.core_0.34.1.jar
b23d6000-b23d7000 r--s 00001000 08:05 7878957    /usr/lib/eclipse/plugins/net.sourceforge.vrapper.plugin.surround.eclipse_0.34.1.jar
b23d7000-b23d8000 r--s 00000000 08:05 7878953    /usr/lib/eclipse/plugins/net.sourceforge.vrapper.plugin.ipmotion.core_0.34.1.jar
b23d8000-b23d9000 r--s 00000000 08:05 7878954    /usr/lib/eclipse/plugins/net.sourceforge.vrapper.plugin.ipmotion.eclipse_0.34.1.jar
b23d9000-b23da000 r--s 00002000 08:05 7878951    /usr/lib/eclipse/plugins/net.sourceforge.vrapper.plugin.argtextobj.core_0.34.1.jar
b23da000-b23db000 r--s 00000000 08:05 7878952    /usr/lib/eclipse/plugins/net.sourceforge.vrapper.plugin.argtextobj.eclipse_0.34.1.jar
b23db000-b23dc000 r--s 00000000 08:05 7878949    /usr/lib/eclipse/plugins/net.sourceforge.vrapper.eclipse.jdt_0.34.1.jar
b23dc000-b23e5000 r--s 00086000 08:05 11276702   /usr/share/eclipse/plugins/org.eclipse.update.core_3.2.600.dist.jar
b23e5000-b23e7000 r--s 00005000 08:05 11276220   /usr/share/eclipse/plugins/org.eclipse.update.scheduler_3.2.400.dist.jar
b23e7000-b23e8000 r--s 00002000 08:05 11276182   /usr/share/eclipse/plugins/org.eclipse.equinox.p2.updatechecker_1.1.200.dist.jar
b23e8000-b23e9000 r--s 00006000 08:05 11276643   /usr/share/eclipse/plugins/org.eclipse.core.variables_3.2.600.dist.jar
b23e9000-b23eb000 r--s 00005000 08:05 12322177   /usr/share/eclipse/dropins/jdt/plugins/org.eclipse.jdt.apt.pluggable.core_1.0.400.dist.jar
b23eb000-b23f2000 r--s 0004f000 08:05 12322176   /usr/share/eclipse/dropins/jdt/plugins/org.eclipse.jdt.apt.core_3.3.500.dist.jar
b23f2000-b23f5000 r--s 00017000 08:05 11276638   /usr/share/eclipse/plugins/org.eclipse.equinox.p2.metadata.repository_1.2.100.dist.jar
b23f5000-b23f9000 r--s 0001b000 08:05 11276183   /usr/share/eclipse/plugins/org.eclipse.equinox.p2.repository_2.2.0.dist.jar
b23f9000-b2400000 r--s 00049000 08:05 11276201   /usr/share/eclipse/plugins/org.eclipse.equinox.p2.metadata_2.1.0.dist.jar
b2400000-b2404000 r--s 0002b000 08:05 11276200   /usr/share/eclipse/plugins/org.eclipse.equinox.p2.engine_2.2.0.dist.jar
b2404000-b2406000 r--s 0000b000 08:05 11276194   /usr/share/eclipse/plugins/org.eclipse.equinox.p2.operations_2.2.0.dist.jar
b2406000-b2409000 r--s 0000b000 08:05 11276203   /usr/share/eclipse/plugins/org.eclipse.equinox.p2.ui.sdk.scheduler_1.1.0.dist.jar
b2409000-b240b000 r--s 00009000 08:05 11276189   /usr/share/eclipse/plugins/org.eclipse.ui.net_1.2.101.dist.jar
b240b000-b240e000 r--s 00013000 08:05 7873367    /usr/lib/jvm/java-6-sun-1.6.0.26/jre/lib/jce.jar
b240e000-b2411000 r--s 00016000 08:05 11276642   /usr/share/eclipse/plugins/org.eclipse.equinox.security_1.1.100.dist.jar
b2411000-b2412000 r--s 00000000 08:05 7872884    /usr/lib/eclipse/plugins/org.eclipse.core.net.linux.x86_1.1.200.dist.jar
b2412000-b2414000 r--s 0000e000 08:05 11276185   /usr/share/eclipse/plugins/org.eclipse.core.net_1.2.200.dist.jar
b2414000-b243c000 r--s 0020c000 08:05 11276645   /usr/share/eclipse/plugins/org.eclipse.ui.ide_3.8.1.dist.jar
b243c000-b247d000 rw-p 00000000 00:00 0 
b247d000-b2481000 r-xp 00000000 08:05 7473103    /usr/lib/i386-linux-gnu/gdk-pixbuf-2.0/2.10.0/loaders/libpixbufloader-png.so
b2481000-b2482000 r--p 00003000 08:05 7473103    /usr/lib/i386-linux-gnu/gdk-pixbuf-2.0/2.10.0/loaders/libpixbufloader-png.so
b2482000-b2483000 rw-p 00004000 08:05 7473103    /usr/lib/i386-linux-gnu/gdk-pixbuf-2.0/2.10.0/loaders/libpixbufloader-png.so
b2483000-b2491000 r-xp 00000000 08:05 7478331    /usr/lib/jni/libswt-cairo-gtk-3833.so
b2491000-b2492000 r--p 0000d000 08:05 7478331    /usr/lib/jni/libswt-cairo-gtk-3833.so
b2492000-b2493000 rw-p 0000e000 08:05 7478331    /usr/lib/jni/libswt-cairo-gtk-3833.so
b2493000-b2499000 r-xp 00000000 08:05 7473101    /usr/lib/i386-linux-gnu/gdk-pixbuf-2.0/2.10.0/loaders/libpixbufloader-gif.so
b2499000-b249a000 r--p 00005000 08:05 7473101    /usr/lib/i386-linux-gnu/gdk-pixbuf-2.0/2.10.0/loaders/libpixbufloader-gif.so
b249a000-b249b000 rw-p 00006000 08:05 7473101    /usr/lib/i386-linux-gnu/gdk-pixbuf-2.0/2.10.0/loaders/libpixbufloader-gif.so
b249b000-b249c000 r--s 00001000 08:05 7872885    /usr/lib/eclipse/plugins/org.eclipse.core.filesystem.linux.x86_1.4.0.dist.jar
b249c000-b2551000 r--p 00000000 08:05 7471173    /usr/share/fonts/truetype/dejavu/DejaVuSans.ttf
b2551000-b2552000 r--s 00000000 08:05 6423000    /var/cache/fontconfig/c05880de57d1f5e948fdfacc138775d9-le32d4.cache-3
b2552000-b2558000 r--s 00000000 08:05 6422999    /var/cache/fontconfig/945677eb7aeaf62f1d50efc3fb3ec7d8-le32d4.cache-3
b2558000-b255c000 r--s 00000000 08:05 6422997    /var/cache/fontconfig/6eb3985aa4124903f6ff08ba781cd364-le32d4.cache-3
b255c000-b2563000 r--s 00000000 08:05 6422855    /var/cache/fontconfig/6d41288fd70b0be22e8c3a91e032eec0-le32d4.cache-3
b2563000-b2565000 r--s 00000000 08:05 6422994    /var/cache/fontconfig/c57959a16110560c8d0fcea73374aeeb-le32d4.cache-3
b2565000-b2569000 r--s 00000000 08:05 6422993    /var/cache/fontconfig/3047814df9a2f067bd2d96a2b9c36e5a-le32d4.cache-3
b2569000-b256b000 r--s 00000000 08:05 6422992    /var/cache/fontconfig/e49e89034d371f0f9de17aab02136486-le32d4.cache-3
b256b000-b2578000 r--s 00000000 08:05 6422990    /var/cache/fontconfig/d52a8644073d54c13679302ca1180695-le32d4.cache-3
b2578000-b257d000 r-xp 00000000 08:05 7212411    /usr/lib/i386-linux-gnu/libXtst.so.6.1.0
b257d000-b257e000 r--p 00004000 08:05 7212411    /usr/lib/i386-linux-gnu/libXtst.so.6.1.0
b257e000-b257f000 rw-p 00005000 08:05 7212411    /usr/lib/i386-linux-gnu/libXtst.so.6.1.0
b257f000-b25fc000 r-xp 00000000 08:05 7478330    /usr/lib/jni/libswt-pi-gtk-3833.so
b25fc000-b25fd000 r--p 0007c000 08:05 7478330    /usr/lib/jni/libswt-pi-gtk-3833.so
b25fd000-b25ff000 rw-p 0007d000 08:05 7478330    /usr/lib/jni/libswt-pi-gtk-3833.so
b25ff000-b2600000 rw-p 00000000 00:00 0 
b2600000-b2621000 rw-p 00000000 00:00 0 
b2621000-b2700000 ---p 00000000 00:00 0 
b2700000-b2701000 r--s 00000000 08:05 6422995    /var/cache/fontconfig/4794a0821666d79190d59a36cb4f44b5-le32d4.cache-3
b2701000-b2702000 r--s 00000000 08:05 6422991    /var/cache/fontconfig/4b14b093aebc79c320de5e86ae1d3314-le32d4.cache-3
b2702000-b2708000 r--s 00000000 08:05 6422989    /var/cache/fontconfig/3f7329c5293ffd510edef78f73874cfd-le32d4.cache-3
b2708000-b270f000 r--s 00000000 08:05 6422853    /var/cache/fontconfig/d589a48862398ed80a3d6066f4f56f4c-le32d4.cache-3
b270f000-b2716000 r--s 00000000 08:05 6422987    /var/cache/fontconfig/83bf95040141907cd45bb53cf7c1c148-le32d4.cache-3
b2716000-b271e000 r--s 00000000 08:05 6422980    /var/cache/fontconfig/e13b20fdb08344e0e664864cc2ede53d-le32d4.cache-3
b271e000-b2722000 rwxp 00000000 00:00 0 
b2722000-b2726000 r-xp 00000000 08:05 7478328    /usr/lib/jni/libswt-gtk-3833.so
b2726000-b2727000 r--p 00003000 08:05 7478328    /usr/lib/jni/libswt-gtk-3833.so
b2727000-b2728000 rw-p 00004000 08:05 7478328    /usr/lib/jni/libswt-gtk-3833.so
b2728000-b2729000 rw-p 00000000 00:00 0 
b2729000-b272d000 r--s 00015000 08:05 7878570    /usr/lib/eclipse/plugins/org.eclipse.core.commands_3.6.1.dist.jar
b272d000-b2769000 r--s 005fe000 08:05 8002568    /usr/share/java/com.ibm.icu-4.4.jar
b2769000-b27af000 r--s 0039d000 08:05 7878369    /usr/lib/eclipse/plugins/org.eclipse.ui.workbench_3.8.1.dist.jar
b27af000-b27b2000 ---p 00000000 00:00 0 
b27b2000-b2800000 rwxp 00000000 00:00 0          [stack:5446]
b2800000-b28fa000 rw-p 00000000 00:00 0 
b28fa000-b2900000 ---p 00000000 00:00 0 
b2900000-b2901000 r--s 00000000 08:05 6422986    /var/cache/fontconfig/62f91419b9ebdb6975e7e41ab6412357-le32d4.cache-3
b2901000-b2905000 r--s 0001e000 08:05 7869776    /usr/lib/eclipse/plugins/org.eclipse.ui_3.8.0.dist.jar
b2905000-b291a000 r--s 0018c000 08:05 7607169    /usr/lib/java/swt-gtk-3.8.0.jar
b291a000-b291d000 ---p 00000000 00:00 0 
b291d000-b296b000 rwxp 00000000 00:00 0          [stack:5335]
b296b000-b296e000 ---p 00000000 00:00 0 
b296e000-b29bc000 rwxp 00000000 00:00 0          [stack:5334]
b29bc000-b29bf000 ---p 00000000 00:00 0 
b29bf000-b2a0d000 rwxp 00000000 00:00 0          [stack:5337]
b2a0d000-b2a10000 ---p 00000000 00:00 0 
b2a10000-b2a5e000 rwxp 00000000 00:00 0          [stack:5332]
b2a5e000-b2a61000 ---p 00000000 00:00 0 
b2a61000-b2aaf000 rwxp 00000000 00:00 0          [stack:5331]
b2aaf000-b2ab2000 ---p 00000000 00:00 0 
b2ab2000-b2b00000 rwxp 00000000 00:00 0          [stack:5330]
b2b00000-b2b36000 rw-p 00000000 00:00 0 
b2b36000-b2c00000 ---p 00000000 00:00 0 
b2c00000-b2d00000 rw-p 00000000 00:00 0 
b2d00000-b2d01000 r-xp 00000000 08:05 7221397    /usr/lib/i386-linux-gnu/libgthread-2.0.so.0.3600.4
b2d01000-b2d02000 r--p 00000000 08:05 7221397    /usr/lib/i386-linux-gnu/libgthread-2.0.so.0.3600.4
b2d02000-b2d03000 rw-p 00001000 08:05 7221397    /usr/lib/i386-linux-gnu/libgthread-2.0.so.0.3600.4
b2d03000-b2d18000 r--s 000ee000 08:05 7878514    /usr/lib/eclipse/plugins/org.eclipse.jface_3.8.0.dist.jar
b2d18000-b2d19000 r--s 00000000 08:05 11276668   /usr/share/eclipse/plugins/org.eclipse.ui.workbench.compatibility_3.2.101.dist/compatibility.jar
b2d19000-b2d1b000 r--s 0000d000 08:05 11276651   /usr/share/eclipse/plugins/org.eclipse.ui.ide.application_1.0.400.dist.jar
b2d1b000-b2d1d000 r--s 0000b000 08:05 8002564    /usr/share/java/org.apache.felix.gogo.command.jar
b2d1d000-b2d1e000 r--s 0000b000 08:05 8002566    /usr/share/java/org.apache.felix.gogo.shell.jar
b2d1e000-b2d20000 r--s 0000f000 08:05 8002562    /usr/share/java/org.apache.felix.gogo.runtime.jar
b2d20000-b2d22000 r--s 00018000 08:05 7878541    /usr/lib/eclipse/plugins/org.eclipse.equinox.console_1.0.0.dist.jar
b2d23000-b2d25000 r--s 0000e000 08:05 11276644   /usr/share/eclipse/plugins/org.eclipse.equinox.p2.core_2.2.0.dist.jar
b2d25000-b2d28000 r--s 00013000 08:05 11276176   /usr/share/eclipse/plugins/org.eclipse.core.runtime.compatibility_3.2.200.dist.jar
b2d28000-b2d2a000 r--s 00012000 08:05 7878548    /usr/lib/eclipse/plugins/org.eclipse.equinox.app_1.3.100.dist.jar
b2d2a000-b2d2c000 r--s 00013000 08:05 7878555    /usr/lib/eclipse/plugins/org.eclipse.core.jobs_3.5.200.dist.jar
b2d2c000-b2d2e000 r--s 00016000 08:05 7869774    /usr/lib/eclipse/plugins/org.eclipse.update.configurator_3.3.200.dist.jar
b2d2e000-b2d31000 ---p 00000000 00:00 0 
b2d31000-b2d7f000 rwxp 00000000 00:00 0          [stack:5329]
b2d7f000-b2d80000 ---p 00000000 00:00 0 
b2d80000-b2e00000 rwxp 00000000 00:00 0          [stack:5328]
b2e00000-b2ef9000 rw-p 00000000 00:00 0 
b2ef9000-b2f00000 ---p 00000000 00:00 0 
b2f00000-b2f01000 r--p 00000000 08:05 9175366    /home/steven/.config/dconf/user
b2f01000-b2f04000 r--s 0001a000 08:05 7878528    /usr/lib/eclipse/plugins/org.eclipse.equinox.preferences_3.5.0.dist.jar
b2f04000-b2f06000 r--s 00013000 08:05 7878568    /usr/lib/eclipse/plugins/org.eclipse.core.contenttype_3.4.200.dist.jar
b2f06000-b2f09000 r--s 00028000 08:05 7878526    /usr/lib/eclipse/plugins/org.eclipse.equinox.registry_3.5.200.dist.jar
b2f09000-b2f0b000 r--s 0000f000 08:05 7878550    /usr/lib/eclipse/plugins/org.eclipse.core.runtime_3.8.0.dist.jar
b2f0b000-b2f0e000 r--s 00010000 08:05 7878578    /usr/lib/eclipse/plugins/org.eclipse.osgi.services_3.3.100.dist.jar
b2f0e000-b2f11000 r--s 0000f000 08:05 7878521    /usr/lib/eclipse/plugins/org.eclipse.equinox.util_1.0.400.dist.jar
b2f11000-b2f18000 r-xp 00000000 08:05 11673862   /usr/lib/jvm/java-6-sun-1.6.0.26/jre/lib/i386/libnio.so
b2f18000-b2f19000 rw-p 00006000 08:05 11673862   /usr/lib/jvm/java-6-sun-1.6.0.26/jre/lib/i386/libnio.so
b2f19000-b2f2d000 r-xp 00000000 08:05 11673874   /usr/lib/jvm/java-6-sun-1.6.0.26/jre/lib/i386/libnet.so
b2f2d000-b2f2e000 rw-p 00013000 08:05 11673874   /usr/lib/jvm/java-6-sun-1.6.0.26/jre/lib/i386/libnet.so
b2f2e000-b2f31000 ---p 00000000 00:00 0 
b2f31000-b2f7f000 rwxp 00000000 00:00 0          [stack:5327]
b2f7f000-b2f82000 ---p 00000000 00:00 0 
b2f82000-b3000000 rwxp 00000000 00:00 0          [stack:5326]
b3000000-b3045000 rw-p 00000000 00:00 0 
b3045000-b3100000 ---p 00000000 00:00 0 
b3100000-b312d000 rw-p 00000000 00:00 0 
b312d000-b3200000 ---p 00000000 00:00 0 
b3200000-b3300000 rw-p 00000000 00:00 0 
b3300000-b3302000 r-xp 00000000 08:05 12583605   /lib/libnss_mdns4_minimal.so.2
b3302000-b3303000 rw-p 00001000 08:05 12583605   /lib/libnss_mdns4_minimal.so.2
b3303000-b3317000 r--s 0013d000 08:05 7878574    /usr/lib/eclipse/plugins/org.eclipse.osgi_3.8.1.dist.jar
b3317000-b331a000 ---p 00000000 00:00 0 
b331a000-b3368000 rwxp 00000000 00:00 0          [stack:5325]
b3368000-b3500000 r--s 03029000 08:05 7873432    /usr/lib/jvm/java-6-sun-1.6.0.26/jre/lib/rt.jar
b3500000-b35ff000 rw-p 00000000 00:00 0 
b35ff000-b3600000 ---p 00000000 00:00 0 
b3600000-b3601000 r--s 00001000 08:05 11276225   /usr/share/eclipse/plugins/org.eclipse.core.runtime.compatibility.registry_3.5.100.dist/runtime_registry_compatibility.jar
b3601000-b3602000 r--s 00006000 08:05 11276173   /usr/share/eclipse/plugins/org.eclipse.equinox.event_1.2.200.dist.jar
b3602000-b3605000 r--s 00016000 08:05 7878543    /usr/lib/eclipse/plugins/org.eclipse.equinox.common_3.6.100.dist.jar
b3605000-b3606000 r--s 00000000 00:1e 14812      /run/user/steven/dconf/user
b3606000-b3607000 r--p 00000000 00:00 0 
b3607000-b3608000 r--s 0000a000 08:05 7878530    /usr/lib/eclipse/plugins/org.eclipse.equinox.launcher_1.3.0.dist.jar
b3608000-b360b000 ---p 00000000 00:00 0 
b360b000-b3659000 rwxp 00000000 00:00 0          [stack:5324]
b3659000-b365c000 ---p 00000000 00:00 0 
b365c000-b36aa000 rwxp 00000000 00:00 0          [stack:5323]
b36aa000-b36de000 rw-p 00000000 00:00 0 
b36de000-b36df000 ---p 00000000 00:00 0 
b36df000-b375f000 rwxp 00000000 00:00 0          [stack:5322]
b375f000-b3778000 rw-p 00000000 00:00 0 
b3778000-b37e0000 rw-p 00000000 00:00 0 
b37e0000-b37fe000 rw-p 00000000 00:00 0 
b37fe000-b3807000 ---p 00000000 00:00 0 
b3807000-b3861000 rw-p 00000000 00:00 0 
b3861000-b3870000 rw-p 00000000 00:00 0 
b3870000-b3875000 ---p 00000000 00:00 0 
b3875000-b38a1000 rw-p 00000000 00:00 0 
b38a1000-b38bf000 rw-p 00000000 00:00 0 
b38bf000-b38c8000 ---p 00000000 00:00 0 
b38c8000-b3921000 rw-p 00000000 00:00 0 
b3921000-b393a000 rw-p 00000000 00:00 0 
b393a000-b39a1000 rw-p 00000000 00:00 0 
b39a1000-b39c7000 rw-p 00000000 00:00 0 
b39c7000-b3a2d000 rw-p 00000000 00:00 0 
b3a2d000-b408d000 rwxp 00000000 00:00 0 
b408d000-b5a2d000 rw-p 00000000 00:00 0 
b5a2d000-b5a38000 r-xp 00000000 08:05 12714676   /lib/i386-linux-gnu/i686/cmov/libnss_files-2.17.so
b5a38000-b5a39000 r--p 0000a000 08:05 12714676   /lib/i386-linux-gnu/i686/cmov/libnss_files-2.17.so
b5a39000-b5a3a000 rw-p 0000b000 08:05 12714676   /lib/i386-linux-gnu/i686/cmov/libnss_files-2.17.so
b5a3a000-b5a44000 r-xp 00000000 08:05 12714678   /lib/i386-linux-gnu/i686/cmov/libnss_nis-2.17.so
b5a44000-b5a45000 r--p 00009000 08:05 12714678   /lib/i386-linux-gnu/i686/cmov/libnss_nis-2.17.so
b5a45000-b5a46000 rw-p 0000a000 08:05 12714678   /lib/i386-linux-gnu/i686/cmov/libnss_nis-2.17.so
b5a46000-b5a4d000 r-xp 00000000 08:05 12714674   /lib/i386-linux-gnu/i686/cmov/libnss_compat-2.17.so
b5a4d000-b5a4e000 r--p 00006000 08:05 12714674   /lib/i386-linux-gnu/i686/cmov/libnss_compat-2.17.so
b5a4e000-b5a4f000 rw-p 00007000 08:05 12714674   /lib/i386-linux-gnu/i686/cmov/libnss_compat-2.17.so
b5a4f000-b5a64000 r-xp 00000000 08:05 12714673   /lib/i386-linux-gnu/i686/cmov/libnsl-2.17.so
b5a64000-b5a65000 r--p 00014000 08:05 12714673   /lib/i386-linux-gnu/i686/cmov/libnsl-2.17.so
b5a65000-b5a66000 rw-p 00015000 08:05 12714673   /lib/i386-linux-gnu/i686/cmov/libnsl-2.17.so
b5a66000-b5a75000 rw-p 00000000 00:00 0 
b5a75000-b5a84000 r-xp 00000000 08:05 11673877   /usr/lib/jvm/java-6-sun-1.6.0.26/jre/lib/i386/libzip.so
b5a84000-b5a86000 rw-p 0000e000 08:05 11673877   /usr/lib/jvm/java-6-sun-1.6.0.26/jre/lib/i386/libzip.so
b5a86000-b5aa9000 r-xp 00000000 08:05 11673854   /usr/lib/jvm/java-6-sun-1.6.0.26/jre/lib/i386/libjava.so
b5aa9000-b5aab000 rw-p 00023000 08:05 11673854   /usr/lib/jvm/java-6-sun-1.6.0.26/jre/lib/i386/libjava.so
b5aab000-b5ab6000 r-xp 00000000 08:05 11673847   /usr/lib/jvm/java-6-sun-1.6.0.26/jre/lib/i386/libverify.so
b5ab6000-b5ab7000 rw-p 0000b000 08:05 11673847   /usr/lib/jvm/java-6-sun-1.6.0.26/jre/lib/i386/libverify.so
b5ab7000-b5f98000 r-xp 00000000 08:05 11673868   /usr/lib/jvm/java-6-sun-1.6.0.26/jre/lib/i386/client/libjvm.so
b5f98000-b5fbb000 rw-p 004e1000 08:05 11673868   /usr/lib/jvm/java-6-sun-1.6.0.26/jre/lib/i386/client/libjvm.so
b5fbb000-b63d7000 rw-p 00000000 00:00 0 
b63d7000-b6437000 rw-s 00000000 00:04 7897099    /SYSV00000000 (deleted)
b6437000-b649a000 rw-p 00000000 00:00 0 
b649a000-b64b6000 r--s 00000000 08:05 7473036    /usr/share/mime/mime.cache
b64b6000-b64d5000 r-xp 00000000 08:05 7220177    /usr/lib/i386-linux-gnu/libatk-1.0.so.0.20809.1
b64d5000-b64d7000 r--p 0001e000 08:05 7220177    /usr/lib/i386-linux-gnu/libatk-1.0.so.0.20809.1
b64d7000-b64d8000 rw-p 00020000 08:05 7220177    /usr/lib/i386-linux-gnu/libatk-1.0.so.0.20809.1
b64d8000-b6949000 r-xp 00000000 08:05 7236239    /usr/lib/i386-linux-gnu/libgtk-x11-2.0.so.0.2400.20
b6949000-b694f000 rw-p 00471000 08:05 7236239    /usr/lib/i386-linux-gnu/libgtk-x11-2.0.so.0.2400.20
b694f000-b6950000 rw-p 00000000 00:00 0 
b6950000-b6968000 r-xp 00000000 08:05 7217034    /usr/lib/i386-linux-gnu/libgraphite2.so.3.0.1
b6968000-b6969000 ---p 00018000 08:05 7217034    /usr/lib/i386-linux-gnu/libgraphite2.so.3.0.1
b6969000-b696a000 r--p 00018000 08:05 7217034    /usr/lib/i386-linux-gnu/libgraphite2.so.3.0.1
b696a000-b696b000 rw-p 00019000 08:05 7217034    /usr/lib/i386-linux-gnu/libgraphite2.so.3.0.1
b696b000-b6970000 r-xp 00000000 08:05 7216209    /usr/lib/i386-linux-gnu/libXdmcp.so.6.0.0
b6970000-b6971000 rw-p 00004000 08:05 7216209    /usr/lib/i386-linux-gnu/libXdmcp.so.6.0.0
b6971000-b6973000 r-xp 00000000 08:05 7235916    /usr/lib/i386-linux-gnu/libXau.so.6.0.0
b6973000-b6974000 r--p 00001000 08:05 7235916    /usr/lib/i386-linux-gnu/libXau.so.6.0.0
b6974000-b6975000 rw-p 00002000 08:05 7235916    /usr/lib/i386-linux-gnu/libXau.so.6.0.0
b6975000-b697b000 r-xp 00000000 08:05 7214857    /usr/lib/i386-linux-gnu/libdatrie.so.1.2.0
b697b000-b697c000 r--p 00006000 08:05 7214857    /usr/lib/i386-linux-gnu/libdatrie.so.1.2.0
b697c000-b697d000 rw-p 00007000 08:05 7214857    /usr/lib/i386-linux-gnu/libdatrie.so.1.2.0
b697d000-b69cf000 r-xp 00000000 08:05 7217137    /usr/lib/i386-linux-gnu/libharfbuzz.so.0.919.0
b69cf000-b69d0000 r--p 00051000 08:05 7217137    /usr/lib/i386-linux-gnu/libharfbuzz.so.0.919.0
b69d0000-b69d1000 rw-p 00052000 08:05 7217137    /usr/lib/i386-linux-gnu/libharfbuzz.so.0.919.0
b69d1000-b69d8000 r-xp 00000000 08:05 12714682   /lib/i386-linux-gnu/i686/cmov/librt-2.17.so
b69d8000-b69d9000 r--p 00006000 08:05 12714682   /lib/i386-linux-gnu/i686/cmov/librt-2.17.so
b69d9000-b69da000 rw-p 00007000 08:05 12714682   /lib/i386-linux-gnu/i686/cmov/librt-2.17.so
b69da000-b69fa000 r-xp 00000000 08:05 7235919    /usr/lib/i386-linux-gnu/libxcb.so.1.1.0
b69fa000-b69fb000 r--p 0001f000 08:05 7235919    /usr/lib/i386-linux-gnu/libxcb.so.1.1.0
b69fb000-b69fc000 rw-p 00020000 08:05 7235919    /usr/lib/i386-linux-gnu/libxcb.so.1.1.0
b69fc000-b6a04000 r-xp 00000000 08:05 7236857    /usr/lib/i386-linux-gnu/libxcb-render.so.0.0.0
b6a04000-b6a05000 r--p 00008000 08:05 7236857    /usr/lib/i386-linux-gnu/libxcb-render.so.0.0.0
b6a05000-b6a06000 rw-p 00009000 08:05 7236857    /usr/lib/i386-linux-gnu/libxcb-render.so.0.0.0
b6a06000-b6a08000 r-xp 00000000 08:05 7236860    /usr/lib/i386-linux-gnu/libxcb-shm.so.0.0.0
b6a08000-b6a09000 r--p 00001000 08:05 7236860    /usr/lib/i386-linux-gnu/libxcb-shm.so.0.0.0
b6a09000-b6a0a000 rw-p 00002000 08:05 7236860    /usr/lib/i386-linux-gnu/libxcb-shm.so.0.0.0
b6a0a000-b6ab3000 r-xp 00000000 08:05 7238603    /usr/lib/i386-linux-gnu/libpixman-1.so.0.30.2
b6ab3000-b6ab8000 rw-p 000a9000 08:05 7238603    /usr/lib/i386-linux-gnu/libpixman-1.so.0.30.2
b6ab8000-b6add000 r-xp 00000000 08:05 12583123   /lib/i386-linux-gnu/libexpat.so.1.6.0
b6add000-b6adf000 r--p 00025000 08:05 12583123   /lib/i386-linux-gnu/libexpat.so.1.6.0
b6adf000-b6ae0000 rw-p 00027000 08:05 12583123   /lib/i386-linux-gnu/libexpat.so.1.6.0
b6ae0000-b6af3000 r-xp 00000000 08:05 12714681   /lib/i386-linux-gnu/i686/cmov/libresolv-2.17.so
b6af3000-b6af4000 r--p 00012000 08:05 12714681   /lib/i386-linux-gnu/i686/cmov/libresolv-2.17.so
b6af4000-b6af5000 rw-p 00013000 08:05 12714681   /lib/i386-linux-gnu/i686/cmov/libresolv-2.17.so
b6af5000-b6af7000 rw-p 00000000 00:00 0 
b6af7000-b6b17000 r-xp 00000000 08:05 12582928   /lib/i386-linux-gnu/libselinux.so.1
b6b17000-b6b18000 r--p 0001f000 08:05 12582928   /lib/i386-linux-gnu/libselinux.so.1
b6b18000-b6b19000 rw-p 00020000 08:05 12582928   /lib/i386-linux-gnu/libselinux.so.1
b6b19000-b6b30000 r-xp 00000000 08:05 12582942   /lib/i386-linux-gnu/libz.so.1.2.8
b6b30000-b6b31000 r--p 00016000 08:05 12582942   /lib/i386-linux-gnu/libz.so.1.2.8
b6b31000-b6b32000 rw-p 00017000 08:05 12582942   /lib/i386-linux-gnu/libz.so.1.2.8
b6b32000-b6b5a000 r-xp 00000000 08:05 12583127   /lib/i386-linux-gnu/libpng12.so.0.49.0
b6b5a000-b6b5b000 r--p 00027000 08:05 12583127   /lib/i386-linux-gnu/libpng12.so.0.49.0
b6b5b000-b6b5c000 rw-p 00028000 08:05 12583127   /lib/i386-linux-gnu/libpng12.so.0.49.0
b6b5c000-b6b64000 r-xp 00000000 08:05 7220278    /usr/lib/i386-linux-gnu/libthai.so.0.2.0
b6b64000-b6b65000 r--p 00007000 08:05 7220278    /usr/lib/i386-linux-gnu/libthai.so.0.2.0
b6b65000-b6b66000 rw-p 00008000 08:05 7220278    /usr/lib/i386-linux-gnu/libthai.so.0.2.0
b6b66000-b6bfd000 r-xp 00000000 08:05 7216189    /usr/lib/i386-linux-gnu/libfreetype.so.6.8.1
b6bfd000-b6c01000 r--p 00096000 08:05 7216189    /usr/lib/i386-linux-gnu/libfreetype.so.6.8.1
b6c01000-b6c02000 rw-p 0009a000 08:05 7216189    /usr/lib/i386-linux-gnu/libfreetype.so.6.8.1
b6c02000-b6c16000 r-xp 00000000 08:05 7217018    /usr/lib/i386-linux-gnu/libpangoft2-1.0.so.0.3200.5
b6c16000-b6c17000 r--p 00013000 08:05 7217018    /usr/lib/i386-linux-gnu/libpangoft2-1.0.so.0.3200.5
b6c17000-b6c18000 rw-p 00014000 08:05 7217018    /usr/lib/i386-linux-gnu/libpangoft2-1.0.so.0.3200.5
b6c18000-b6c1b000 r-xp 00000000 08:05 7221395    /usr/lib/i386-linux-gnu/libgmodule-2.0.so.0.3600.4
b6c1b000-b6c1c000 r--p 00002000 08:05 7221395    /usr/lib/i386-linux-gnu/libgmodule-2.0.so.0.3600.4
b6c1c000-b6c1d000 rw-p 00003000 08:05 7221395    /usr/lib/i386-linux-gnu/libgmodule-2.0.so.0.3600.4
b6c1d000-b6c5e000 r-xp 00000000 08:05 12714671   /lib/i386-linux-gnu/i686/cmov/libm-2.17.so
b6c5e000-b6c5f000 r--p 00040000 08:05 12714671   /lib/i386-linux-gnu/i686/cmov/libm-2.17.so
b6c5f000-b6c60000 rw-p 00041000 08:05 12714671   /lib/i386-linux-gnu/i686/cmov/libm-2.17.so
b6c60000-b6c70000 r-xp 00000000 08:05 7235933    /usr/lib/i386-linux-gnu/libXext.so.6.4.0
b6c70000-b6c71000 r--p 0000f000 08:05 7235933    /usr/lib/i386-linux-gnu/libXext.so.6.4.0
b6c71000-b6c72000 rw-p 00010000 08:05 7235933    /usr/lib/i386-linux-gnu/libXext.so.6.4.0
b6c72000-b6da6000 r-xp 00000000 08:05 7235922    /usr/lib/i386-linux-gnu/libX11.so.6.3.0
b6da6000-b6da7000 ---p 00134000 08:05 7235922    /usr/lib/i386-linux-gnu/libX11.so.6.3.0
b6da7000-b6da8000 r--p 00134000 08:05 7235922    /usr/lib/i386-linux-gnu/libX11.so.6.3.0
b6da8000-b6dab000 rw-p 00135000 08:05 7235922    /usr/lib/i386-linux-gnu/libX11.so.6.3.0
b6dab000-b6ec2000 r-xp 00000000 08:05 7238663    /usr/lib/i386-linux-gnu/libcairo.so.2.11200.14
b6ec2000-b6ec4000 r--p 00116000 08:05 7238663    /usr/lib/i386-linux-gnu/libcairo.so.2.11200.14
b6ec4000-b6ec5000 rw-p 00118000 08:05 7238663    /usr/lib/i386-linux-gnu/libcairo.so.2.11200.14
b6ec5000-b6ec6000 rw-p 00000000 00:00 0 
b6ec6000-b6eca000 r-xp 00000000 08:05 7215246    /usr/lib/i386-linux-gnu/libXfixes.so.3.1.0
b6eca000-b6ecb000 r--p 00003000 08:05 7215246    /usr/lib/i386-linux-gnu/libXfixes.so.3.1.0
b6ecb000-b6ecc000 rw-p 00004000 08:05 7215246    /usr/lib/i386-linux-gnu/libXfixes.so.3.1.0
b6ecc000-b6ece000 r-xp 00000000 08:05 7237453    /usr/lib/i386-linux-gnu/libXdamage.so.1.1.0
b6ece000-b6ecf000 r--p 00001000 08:05 7237453    /usr/lib/i386-linux-gnu/libXdamage.so.1.1.0
b6ecf000-b6ed0000 rw-p 00002000 08:05 7237453    /usr/lib/i386-linux-gnu/libXdamage.so.1.1.0
b6ed0000-b6eda000 r-xp 00000000 08:05 7237441    /usr/lib/i386-linux-gnu/libXcursor.so.1.0.2
b6eda000-b6edb000 r--p 00009000 08:05 7237441    /usr/lib/i386-linux-gnu/libXcursor.so.1.0.2
b6edb000-b6edc000 rw-p 0000a000 08:05 7237441    /usr/lib/i386-linux-gnu/libXcursor.so.1.0.2
b6edc000-b6ee5000 r-xp 00000000 08:05 7223877    /usr/lib/i386-linux-gnu/libXrandr.so.2.2.0
b6ee5000-b6ee6000 r--p 00008000 08:05 7223877    /usr/lib/i386-linux-gnu/libXrandr.so.2.2.0
b6ee6000-b6ee7000 rw-p 00009000 08:05 7223877    /usr/lib/i386-linux-gnu/libXrandr.so.2.2.0
b6ee7000-b6ef5000 r-xp 00000000 08:05 7215952    /usr/lib/i386-linux-gnu/libXi.so.6.1.0
b6ef5000-b6ef6000 r--p 0000e000 08:05 7215952    /usr/lib/i386-linux-gnu/libXi.so.6.1.0
b6ef6000-b6ef7000 rw-p 0000f000 08:05 7215952    /usr/lib/i386-linux-gnu/libXi.so.6.1.0
b6ef7000-b6eff000 r-xp 00000000 08:05 7236864    /usr/lib/i386-linux-gnu/libXrender.so.1.3.0
b6eff000-b6f00000 r--p 00008000 08:05 7236864    /usr/lib/i386-linux-gnu/libXrender.so.1.3.0
b6f00000-b6f01000 rw-p 00009000 08:05 7236864    /usr/lib/i386-linux-gnu/libXrender.so.1.3.0
b6f01000-b6f38000 r-xp 00000000 08:05 7216191    /usr/lib/i386-linux-gnu/libfontconfig.so.1.6.2
b6f38000-b6f39000 ---p 00037000 08:05 7216191    /usr/lib/i386-linux-gnu/libfontconfig.so.1.6.2
b6f39000-b6f3a000 r--p 00037000 08:05 7216191    /usr/lib/i386-linux-gnu/libfontconfig.so.1.6.2
b6f3a000-b6f3b000 rw-p 00038000 08:05 7216191    /usr/lib/i386-linux-gnu/libfontconfig.so.1.6.2
b6f3b000-b70a0000 r-xp 00000000 08:05 7221396    /usr/lib/i386-linux-gnu/libgio-2.0.so.0.3600.4
b70a0000-b70a2000 r--p 00164000 08:05 7221396    /usr/lib/i386-linux-gnu/libgio-2.0.so.0.3600.4
b70a2000-b70a3000 rw-p 00166000 08:05 7221396    /usr/lib/i386-linux-gnu/libgio-2.0.so.0.3600.4
b70a3000-b70a4000 rw-p 00000000 00:00 0 
b70a4000-b70c4000 r-xp 00000000 08:05 7217047    /usr/lib/i386-linux-gnu/libgdk_pixbuf-2.0.so.0.2800.2
b70c4000-b70c5000 r--p 00020000 08:05 7217047    /usr/lib/i386-linux-gnu/libgdk_pixbuf-2.0.so.0.2800.2
b70c5000-b70c6000 rw-p 00021000 08:05 7217047    /usr/lib/i386-linux-gnu/libgdk_pixbuf-2.0.so.0.2800.2
b70c6000-b7110000 r-xp 00000000 08:05 7221739    /usr/lib/i386-linux-gnu/libpango-1.0.so.0.3200.5
b7110000-b7111000 r--p 0004a000 08:05 7221739    /usr/lib/i386-linux-gnu/libpango-1.0.so.0.3200.5
b7111000-b7112000 rw-p 0004b000 08:05 7221739    /usr/lib/i386-linux-gnu/libpango-1.0.so.0.3200.5
b7112000-b711d000 r-xp 00000000 08:05 7217146    /usr/lib/i386-linux-gnu/libpangocairo-1.0.so.0.3200.5
b711d000-b711e000 r--p 0000a000 08:05 7217146    /usr/lib/i386-linux-gnu/libpangocairo-1.0.so.0.3200.5
b711e000-b711f000 rw-p 0000b000 08:05 7217146    /usr/lib/i386-linux-gnu/libpangocairo-1.0.so.0.3200.5
b711f000-b71cd000 r-xp 00000000 08:05 7236243    /usr/lib/i386-linux-gnu/libgdk-x11-2.0.so.0.2400.20
b71cd000-b71d0000 rw-p 000ad000 08:05 7236243    /usr/lib/i386-linux-gnu/libgdk-x11-2.0.so.0.2400.20
b71d0000-b720e000 r-xp 00000000 08:05 12582926   /lib/i386-linux-gnu/libpcre.so.3.13.1
b720e000-b720f000 rw-p 0003e000 08:05 12582926   /lib/i386-linux-gnu/libpcre.so.3.13.1
b720f000-b7310000 r-xp 00000000 08:05 12583583   /lib/i386-linux-gnu/libglib-2.0.so.0.3600.4
b7310000-b7311000 r--p 00100000 08:05 12583583   /lib/i386-linux-gnu/libglib-2.0.so.0.3600.4
b7311000-b7312000 rw-p 00101000 08:05 12583583   /lib/i386-linux-gnu/libglib-2.0.so.0.3600.4
b7312000-b7361000 r-xp 00000000 08:05 7221398    /usr/lib/i386-linux-gnu/libgobject-2.0.so.0.3600.4
b7361000-b7362000 r--p 0004e000 08:05 7221398    /usr/lib/i386-linux-gnu/libgobject-2.0.so.0.3600.4
b7362000-b7363000 rw-p 0004f000 08:05 7221398    /usr/lib/i386-linux-gnu/libgobject-2.0.so.0.3600.4
b7363000-b736b000 rw-s 00000000 08:05 4325432    /tmp/hsperfdata_steven/5307
b736b000-b736c000 rw-p 00000000 00:00 0 
b736c000-b736f000 r-xp 00000000 08:05 7473108    /usr/lib/i386-linux-gnu/gdk-pixbuf-2.0/2.10.0/loaders/libpixbufloader-bmp.so
b736f000-b7370000 r--p 00002000 08:05 7473108    /usr/lib/i386-linux-gnu/gdk-pixbuf-2.0/2.10.0/loaders/libpixbufloader-bmp.so
b7370000-b7371000 rw-p 00003000 08:05 7473108    /usr/lib/i386-linux-gnu/gdk-pixbuf-2.0/2.10.0/loaders/libpixbufloader-bmp.so
b7371000-b7372000 r--s 00000000 08:05 9568391    /home/steven/.local/share/mime/mime.cache
b7372000-b7373000 r--p 00000000 00:00 0 
b7373000-b737e000 r-xp 00000000 08:05 7345103    /usr/lib/i386-linux-gnu/gtk-2.0/2.10.0/engines/libxfce.so
b737e000-b737f000 ---p 0000b000 08:05 7345103    /usr/lib/i386-linux-gnu/gtk-2.0/2.10.0/engines/libxfce.so
b737f000-b7380000 r--p 0000b000 08:05 7345103    /usr/lib/i386-linux-gnu/gtk-2.0/2.10.0/engines/libxfce.so
b7380000-b7381000 rw-p 0000c000 08:05 7345103    /usr/lib/i386-linux-gnu/gtk-2.0/2.10.0/engines/libxfce.so
b7381000-b7581000 r--p 00000000 08:05 7222709    /usr/lib/locale/locale-archive
b7581000-b7582000 rw-p 00000000 00:00 0 
b7582000-b772b000 r-xp 00000000 08:05 12714667   /lib/i386-linux-gnu/i686/cmov/libc-2.17.so
b772b000-b772d000 r--p 001a9000 08:05 12714667   /lib/i386-linux-gnu/i686/cmov/libc-2.17.so
b772d000-b772e000 rw-p 001ab000 08:05 12714667   /lib/i386-linux-gnu/i686/cmov/libc-2.17.so
b772e000-b7732000 rw-p 00000000 00:00 0 
b7732000-b7735000 r-xp 00000000 08:05 12714670   /lib/i386-linux-gnu/i686/cmov/libdl-2.17.so
b7735000-b7736000 r--p 00002000 08:05 12714670   /lib/i386-linux-gnu/i686/cmov/libdl-2.17.so
b7736000-b7737000 rw-p 00003000 08:05 12714670   /lib/i386-linux-gnu/i686/cmov/libdl-2.17.so
b7737000-b774e000 r-xp 00000000 08:05 12714663   /lib/i386-linux-gnu/i686/cmov/libpthread-2.17.so
b774e000-b774f000 r--p 00016000 08:05 12714663   /lib/i386-linux-gnu/i686/cmov/libpthread-2.17.so
b774f000-b7750000 rw-p 00017000 08:05 12714663   /lib/i386-linux-gnu/i686/cmov/libpthread-2.17.so
b7750000-b7752000 rw-p 00000000 00:00 0 
b7752000-b7754000 r-xp 00000000 08:05 7222408    /usr/lib/i386-linux-gnu/libXcomposite.so.1.0.0
b7754000-b7755000 r--p 00001000 08:05 7222408    /usr/lib/i386-linux-gnu/libXcomposite.so.1.0.0
b7755000-b7756000 rw-p 00002000 08:05 7222408    /usr/lib/i386-linux-gnu/libXcomposite.so.1.0.0
b7756000-b7758000 r-xp 00000000 08:05 7237466    /usr/lib/i386-linux-gnu/libXinerama.so.1.0.0
b7758000-b7759000 r--p 00001000 08:05 7237466    /usr/lib/i386-linux-gnu/libXinerama.so.1.0.0
b7759000-b775a000 rw-p 00002000 08:05 7237466    /usr/lib/i386-linux-gnu/libXinerama.so.1.0.0
b775a000-b775f000 r-xp 00000000 08:05 7216721    /usr/lib/i386-linux-gnu/libffi.so.6.0.1
b775f000-b7760000 r--p 00005000 08:05 7216721    /usr/lib/i386-linux-gnu/libffi.so.6.0.1
b7760000-b7761000 rw-p 00006000 08:05 7216721    /usr/lib/i386-linux-gnu/libffi.so.6.0.1
b7761000-b776e000 r-xp 00000000 08:05 7878532    /usr/lib/eclipse/plugins/org.eclipse.equinox.launcher.gtk.linux.x86_1.1.200.dist/eclipse_1503.so
b776e000-b776f000 r--p 0000c000 08:05 7878532    /usr/lib/eclipse/plugins/org.eclipse.equinox.launcher.gtk.linux.x86_1.1.200.dist/eclipse_1503.so
b776f000-b7770000 rw-p 0000d000 08:05 7878532    /usr/lib/eclipse/plugins/org.eclipse.equinox.launcher.gtk.linux.x86_1.1.200.dist/eclipse_1503.so
b7770000-b7772000 rw-p 00000000 00:00 0 
b7772000-b7773000 r-xp 00000000 00:00 0          [vdso]
b7773000-b7792000 r-xp 00000000 08:05 12583386   /lib/i386-linux-gnu/ld-2.17.so
b7792000-b7793000 r--p 0001f000 08:05 12583386   /lib/i386-linux-gnu/ld-2.17.so
b7793000-b7794000 rw-p 00020000 08:05 12583386   /lib/i386-linux-gnu/ld-2.17.so
bff78000-bff7b000 ---p 00000000 00:00 0 
bff7c000-bffc8000 rwxp 00000000 00:00 0          [stack]
bffc8000-bffca000 rw-p 00000000 00:00 0 

VM Arguments:
jvm_args: -Xms40m -Xmx384m -Dorg.eclipse.equinox.p2.reconciler.dropins.directory=/usr/share/eclipse/dropins -XX:MaxPermSize=256m 
java_command: <unknown>
Launcher Type: generic

Environment Variables:
JAVA_HOME=/usr/lib/jvm/java-6-sun-1.6.0.26
PATH=/usr/lib/jvm/java-6-sun-1.6.0.26/bin:/usr/lib/jvm/java-6-sun-1.6.0.26/bin:/usr/lib/jvm/java-6-sun-1.6.0.26/bin:/usr/lib/jvm/java-6-sun-1.6.0.26/bin:/usr/local/bin:/usr/bin:/bin:/usr/local/games:/usr/games
LD_LIBRARY_PATH=/usr/lib/jvm/java-6-sun-1.6.0.26/jre/lib/i386/client:/usr/lib/jvm/java-6-sun-1.6.0.26/jre/lib/i386:
SHELL=/bin/bash
DISPLAY=:0.0

Signal Handlers:
SIGSEGV: [libjvm.so+0x469ec0], sa_mask[0]=0x7ffbfeff, sa_flags=0x10000004
SIGBUS: [libjvm.so+0x469ec0], sa_mask[0]=0x7ffbfeff, sa_flags=0x10000004
SIGFPE: [libjvm.so+0x38bf10], sa_mask[0]=0x7ffbfeff, sa_flags=0x10000004
SIGPIPE: SIG_IGN, sa_mask[0]=0x00001000, sa_flags=0x10000000
SIGXFSZ: [libjvm.so+0x38bf10], sa_mask[0]=0x7ffbfeff, sa_flags=0x10000004
SIGILL: [libjvm.so+0x38bf10], sa_mask[0]=0x7ffbfeff, sa_flags=0x10000004
SIGUSR1: SIG_DFL, sa_mask[0]=0x00000000, sa_flags=0x00000000
SIGUSR2: [libjvm.so+0x38f150], sa_mask[0]=0x00000000, sa_flags=0x10000004
SIGHUP: [libjvm.so+0x38ed30], sa_mask[0]=0x7ffbfeff, sa_flags=0x10000004
SIGINT: [libjvm.so+0x38ed30], sa_mask[0]=0x7ffbfeff, sa_flags=0x10000004
SIGTERM: [libjvm.so+0x38ed30], sa_mask[0]=0x7ffbfeff, sa_flags=0x10000004
SIGQUIT: [libjvm.so+0x38ed30], sa_mask[0]=0x7ffbfeff, sa_flags=0x10000004


---------------  S Y S T E M  ---------------

OS:jessie/sid

uname:Linux 3.10-2-686-pae #1 SMP Debian 3.10.7-1 (2013-08-17) i686
libc:glibc 2.17 NPTL 2.17 
rlimit: STACK 8192k, CORE 0k, NPROC 47871, NOFILE 4096, AS infinity
load average:0.08 0.19 0.24

/proc/meminfo:
MemTotal:        6139000 kB
MemFree:         4669180 kB
Buffers:          130584 kB
Cached:           685776 kB
SwapCached:            0 kB
Active:           823200 kB
Inactive:         544336 kB
Active(anon):     555760 kB
Inactive(anon):    60764 kB
Active(file):     267440 kB
Inactive(file):   483572 kB
Unevictable:           0 kB
Mlocked:               0 kB
HighTotal:       5292612 kB
HighFree:        4036988 kB
LowTotal:         846388 kB
LowFree:          632192 kB
SwapTotal:      10194940 kB
SwapFree:       10194940 kB
Dirty:                44 kB
Writeback:             0 kB
AnonPages:        551428 kB
Mapped:           135060 kB
Shmem:             65108 kB
Slab:              68772 kB
SReclaimable:      49672 kB
SUnreclaim:        19100 kB
KernelStack:        3208 kB
PageTables:         9976 kB
NFS_Unstable:          0 kB
Bounce:                0 kB
WritebackTmp:          0 kB
CommitLimit:    13264440 kB
Committed_AS:    1978996 kB
VmallocTotal:     122880 kB
VmallocUsed:       19812 kB
VmallocChunk:     101432 kB
HardwareCorrupted:     0 kB
AnonHugePages:         0 kB
HugePages_Total:       0
HugePages_Free:        0
HugePages_Rsvd:        0
HugePages_Surp:        0
Hugepagesize:       2048 kB
DirectMap4k:       10232 kB
DirectMap2M:      901120 kB


CPU:total 4 (2 cores per cpu, 2 threads per core) family 6 model 42 stepping 7, cmov, cx8, fxsr, mmx, sse, sse2, sse3, ssse3, sse4.1, sse4.2, popcnt, ht

/proc/cpuinfo:
processor	: 0
vendor_id	: GenuineIntel
cpu family	: 6
model		: 42
model name	: Intel(R) Core(TM) i5-2410M CPU @ 2.30GHz
stepping	: 7
microcode	: 0x14
cpu MHz		: 1633.000
cache size	: 3072 KB
physical id	: 0
siblings	: 4
core id		: 0
cpu cores	: 2
apicid		: 0
initial apicid	: 0
fdiv_bug	: no
f00f_bug	: no
coma_bug	: no
fpu		: yes
fpu_exception	: yes
cpuid level	: 13
wp		: yes
flags		: fpu vme de pse tsc msr pae mce cx8 apic sep mtrr pge mca cmov pat pse36 clflush dts acpi mmx fxsr sse sse2 ss ht tm pbe nx rdtscp lm constant_tsc arch_perfmon pebs bts xtopology nonstop_tsc aperfmperf eagerfpu pni pclmulqdq dtes64 monitor ds_cpl vmx est tm2 ssse3 cx16 xtpr pdcm pcid sse4_1 sse4_2 x2apic popcnt tsc_deadline_timer xsave avx lahf_lm ida arat epb xsaveopt pln pts dtherm tpr_shadow vnmi flexpriority ept vpid
bogomips	: 4585.43
clflush size	: 64
cache_alignment	: 64
address sizes	: 36 bits physical, 48 bits virtual
power management:

processor	: 1
vendor_id	: GenuineIntel
cpu family	: 6
model		: 42
model name	: Intel(R) Core(TM) i5-2410M CPU @ 2.30GHz
stepping	: 7
microcode	: 0x14
cpu MHz		: 1794.000
cache size	: 3072 KB
physical id	: 0
siblings	: 4
core id		: 0
cpu cores	: 2
apicid		: 1
initial apicid	: 1
fdiv_bug	: no
f00f_bug	: no
coma_bug	: no
fpu		: yes
fpu_exception	: yes
cpuid level	: 13
wp		: yes
flags		: fpu vme de pse tsc msr pae mce cx8 apic sep mtrr pge mca cmov pat pse36 clflush dts acpi mmx fxsr sse sse2 ss ht tm pbe nx rdtscp lm constant_tsc arch_perfmon pebs bts xtopology nonstop_tsc aperfmperf eagerfpu pni pclmulqdq dtes64 monitor ds_cpl vmx est tm2 ssse3 cx16 xtpr pdcm pcid sse4_1 sse4_2 x2apic popcnt tsc_deadline_timer xsave avx lahf_lm ida arat epb xsaveopt pln pts dtherm tpr_shadow vnmi flexpriority ept vpid
bogomips	: 4585.43
clflush size	: 64
cache_alignment	: 64
address sizes	: 36 bits physical, 48 bits virtual
power management:

processor	: 2
vendor_id	: GenuineIntel
cpu family	: 6
model		: 42
model name	: Intel(R) Core(TM) i5-2410M CPU @ 2.30GHz
stepping	: 7
microcode	: 0x14
cpu MHz		: 1978.000
cache size	: 3072 KB
physical id	: 0
siblings	: 4
core id		: 1
cpu cores	: 2
apicid		: 2
initial apicid	: 2
fdiv_bug	: no
f00f_bug	: no
coma_bug	: no
fpu		: yes
fpu_exception	: yes
cpuid level	: 13
wp		: yes
flags		: fpu vme de pse tsc msr pae mce cx8 apic sep mtrr pge mca cmov pat pse36 clflush dts acpi mmx fxsr sse sse2 ss ht tm pbe nx rdtscp lm constant_tsc arch_perfmon pebs bts xtopology nonstop_tsc aperfmperf eagerfpu pni pclmulqdq dtes64 monitor ds_cpl vmx est tm2 ssse3 cx16 xtpr pdcm pcid sse4_1 sse4_2 x2apic popcnt tsc_deadline_timer xsave avx lahf_lm ida arat epb xsaveopt pln pts dtherm tpr_shadow vnmi flexpriority ept vpid
bogomips	: 4585.43
clflush size	: 64
cache_alignment	: 64
address sizes	: 36 bits physical, 48 bits virtual
power management:

processor	: 3
vendor_id	: GenuineIntel
cpu family	: 6
model		: 42
model name	: Intel(R) Core(TM) i5-2410M CPU @ 2.30GHz
stepping	: 7
microcode	: 0x14
cpu MHz		: 1702.000
cache size	: 3072 KB
physical id	: 0
siblings	: 4
core id		: 1
cpu cores	: 2
apicid		: 3
initial apicid	: 3
fdiv_bug	: no
f00f_bug	: no
coma_bug	: no
fpu		: yes
fpu_exception	: yes
cpuid level	: 13
wp		: yes
flags		: fpu vme de pse tsc msr pae mce cx8 apic sep mtrr pge mca cmov pat pse36 clflush dts acpi mmx fxsr sse sse2 ss ht tm pbe nx rdtscp lm constant_tsc arch_perfmon pebs bts xtopology nonstop_tsc aperfmperf eagerfpu pni pclmulqdq dtes64 monitor ds_cpl vmx est tm2 ssse3 cx16 xtpr pdcm pcid sse4_1 sse4_2 x2apic popcnt tsc_deadline_timer xsave avx lahf_lm ida arat epb xsaveopt pln pts dtherm tpr_shadow vnmi flexpriority ept vpid
bogomips	: 4585.43
clflush size	: 64
cache_alignment	: 64
address sizes	: 36 bits physical, 48 bits virtual
power management:



Memory: 4k page, physical 6139000k(4669180k free), swap 10194940k(10194940k free)

vm_info: Java HotSpot(TM) Client VM (20.1-b02) for linux-x86 JRE (1.6.0_26-b03), built on May  4 2011 01:23:42 by "java_re" with gcc 3.2.1-7a (J2SE release)

time: Thu Sep 19 15:35:58 2013
elapsed time: 426 seconds

